This is pdfTeX, Version 3.14159265-2.6-1.40.21 (MiKTeX 20.12) (preloaded format=pdflatex 2021.1.25)  28 JUN 2021 17:11
entering extended mode
**c:/Users/josep/OneDrive/Documents/GitHub/Matlab_store/Courses/Amsc460/HW/Hw15/html/hw15.tex
(c:/Users/josep/OneDrive/Documents/GitHub/Matlab_store/Courses/Amsc460/HW/Hw15/html/hw15.tex
LaTeX2e <2020-10-01> patch level 2
L3 programming layer <2020-12-07> xparse <2020-03-03> (C:\Users\josep\AppData\Local\Programs\MiKTeX\tex/latex/base\article.cls
Document Class: article 2020/04/10 v1.4m Standard LaTeX document class
(C:\Users\josep\AppData\Local\Programs\MiKTeX\tex/latex/base\size10.clo
File: size10.clo 2020/04/10 v1.4m Standard LaTeX file (size option)
)
\c@part=\count177
\c@section=\count178
\c@subsection=\count179
\c@subsubsection=\count180
\c@paragraph=\count181
\c@subparagraph=\count182
\c@figure=\count183
\c@table=\count184
\abovecaptionskip=\skip47
\belowcaptionskip=\skip48
\bibindent=\dimen138
) (C:\Users\josep\AppData\Local\Programs\MiKTeX\tex/latex/graphics\graphicx.sty
Package: graphicx 2020/09/09 v1.2b Enhanced LaTeX Graphics (DPC,SPQR)
 (C:\Users\josep\AppData\Local\Programs\MiKTeX\tex/latex/graphics\keyval.sty
Package: keyval 2014/10/28 v1.15 key=value parser (DPC)
\KV@toks@=\toks15
) (C:\Users\josep\AppData\Local\Programs\MiKTeX\tex/latex/graphics\graphics.sty
Package: graphics 2020/08/30 v1.4c Standard LaTeX Graphics (DPC,SPQR)
 (C:\Users\josep\AppData\Local\Programs\MiKTeX\tex/latex/graphics\trig.sty
Package: trig 2016/01/03 v1.10 sin cos tan (DPC)
) (C:\Users\josep\AppData\Local\Programs\MiKTeX\tex/latex/graphics-cfg\graphics.cfg
File: graphics.cfg 2016/06/04 v1.11 sample graphics configuration
)
Package graphics Info: Driver file: pdftex.def on input line 105.
 (C:\Users\josep\AppData\Local\Programs\MiKTeX\tex/latex/graphics-def\pdftex.def
File: pdftex.def 2020/10/05 v1.2a Graphics/color driver for pdftex
))
\Gin@req@height=\dimen139
\Gin@req@width=\dimen140
) (C:\Users\josep\AppData\Local\Programs\MiKTeX\tex/latex/graphics\color.sty
Package: color 2020/02/24 v1.2b Standard LaTeX Color (DPC)
 (C:\Users\josep\AppData\Local\Programs\MiKTeX\tex/latex/graphics-cfg\color.cfg
File: color.cfg 2016/01/02 v1.6 sample color configuration
)
Package color Info: Driver file: pdftex.def on input line 147.
) (C:\Users\josep\AppData\Local\Programs\MiKTeX\tex/latex/l3backend\l3backend-pdftex.def
File: l3backend-pdftex.def 2020-09-24 L3 backend support: PDF output (pdfTeX)
\l__kernel_color_stack_int=\count185
\l__pdf_internal_box=\box47
) (c:/Users\josep\OneDrive\Documents\GitHub\Matlab_store\Courses\Amsc460\HW\Hw15\html\hw15.aux)
\openout1 = `hw15.aux'.

LaTeX Font Info:    Checking defaults for OML/cmm/m/it on input line 13.
LaTeX Font Info:    ... okay on input line 13.
LaTeX Font Info:    Checking defaults for OMS/cmsy/m/n on input line 13.
LaTeX Font Info:    ... okay on input line 13.
LaTeX Font Info:    Checking defaults for OT1/cmr/m/n on input line 13.
LaTeX Font Info:    ... okay on input line 13.
LaTeX Font Info:    Checking defaults for T1/cmr/m/n on input line 13.
LaTeX Font Info:    ... okay on input line 13.
LaTeX Font Info:    Checking defaults for TS1/cmr/m/n on input line 13.
LaTeX Font Info:    ... okay on input line 13.
LaTeX Font Info:    Checking defaults for OMX/cmex/m/n on input line 13.
LaTeX Font Info:    ... okay on input line 13.
LaTeX Font Info:    Checking defaults for U/cmr/m/n on input line 13.
LaTeX Font Info:    ... okay on input line 13.
 (C:\Users\josep\AppData\Local\Programs\MiKTeX\tex/context/base/mkii\supp-pdf.mkii
[Loading MPS to PDF converter (version 2006.09.02).]
\scratchcounter=\count186
\scratchdimen=\dimen141
\scratchbox=\box48
\nofMPsegments=\count187
\nofMParguments=\count188
\everyMPshowfont=\toks16
\MPscratchCnt=\count189
\MPscratchDim=\dimen142
\MPnumerator=\count190
\makeMPintoPDFobject=\count191
\everyMPtoPDFconversion=\toks17
) (C:\Users\josep\AppData\Local\Programs\MiKTeX\tex/latex/epstopdf-pkg\epstopdf-base.sty
Package: epstopdf-base 2020-01-24 v2.11 Base part for package epstopdf
Package epstopdf-base Info: Redefining graphics rule for `.eps' on input line 485.
)
Package epstopdf Info: Source file: <hw15_01.eps>
(epstopdf)                    date: 2021-06-28 17:10:47
(epstopdf)                    size: 199926 bytes
(epstopdf)             Output file: <hw15_01-eps-converted-to.pdf>
(epstopdf)                    date: 2021-06-28 17:11:32
(epstopdf)                    size: 34635 bytes
(epstopdf)             Command: <epstopdf --outfile=hw15_01-eps-converted-to.pdf hw15_01.eps>
(epstopdf)             \includegraphics on input line 46.
Package epstopdf Info: Output file is already uptodate.


pdfTeX warning: pdflatex (file c:/Users/josep/OneDrive/Documents/GitHub/Matlab_store/Courses/Amsc460/HW/Hw15/html/hw15_01-eps-converted-to.pdf): PDF inclusion: found PDF version <1.7>, but at most version <1.5> allowed
<hw15_01-eps-converted-to.pdf, id=1, 422.57875pt x 317.185pt>
File: hw15_01-eps-converted-to.pdf Graphic file (type pdf)
<use hw15_01-eps-converted-to.pdf>
Package pdftex.def Info: hw15_01-eps-converted-to.pdf  used on input line 46.
(pdftex.def)             Requested size: 289.07999pt x 216.98485pt.

c:/Users/josep/OneDrive/Documents/GitHub/Matlab_store/Courses/Amsc460/HW/Hw15/html/hw15.tex:48: Package inputenc Error: Unicode character  (U+001A)
(inputenc)                not set up for use with LaTeX.

See the inputenc package documentation for explanation.
Type  H <return>  for immediate help.
 ...                                              
                                                  
l.48 ... center the x-values you would compute X 
                                                   X
You may provide a definition with
\DeclareUnicodeCharacter 

[1

{C:/Users/josep/AppData/Local/MiKTeX/pdftex/config/pdftex.map} <c:/Users/josep/OneDrive/Documents/GitHub/Matlab_store/Courses/Amsc460/HW/Hw15/html/hw15_01-eps-converted-to.pdf>] [2] [3] [4] [5] [6] [7] [8] [9] [10] [11] [12] [13] [14] [15] [16] [17] [18] [19] [20] [21] [22]
Package epstopdf Info: Source file: <hw15_02.eps>
(epstopdf)                    date: 2021-06-28 17:10:48
(epstopdf)                    size: 199926 bytes
(epstopdf)             Output file: <hw15_02-eps-converted-to.pdf>
(epstopdf)                    date: 2021-06-28 17:11:33
(epstopdf)                    size: 34635 bytes
(epstopdf)             Command: <epstopdf --outfile=hw15_02-eps-converted-to.pdf hw15_02.eps>
(epstopdf)             \includegraphics on input line 1060.
Package epstopdf Info: Output file is already uptodate.


pdfTeX warning: pdflatex (file c:/Users/josep/OneDrive/Documents/GitHub/Matlab_store/Courses/Amsc460/HW/Hw15/html/hw15_02-eps-converted-to.pdf): PDF inclusion: found PDF version <1.7>, but at most version <1.5> allowed
<hw15_02-eps-converted-to.pdf, id=82, 422.57875pt x 317.185pt>
File: hw15_02-eps-converted-to.pdf Graphic file (type pdf)
<use hw15_02-eps-converted-to.pdf>
Package pdftex.def Info: hw15_02-eps-converted-to.pdf  used on input line 1060.
(pdftex.def)             Requested size: 289.07999pt x 216.98485pt.
[23]
LaTeX Font Info:    External font `cmex10' loaded for size
(Font)              <7> on input line 1077.
LaTeX Font Info:    External font `cmex10' loaded for size
(Font)              <5> on input line 1077.

Overfull \hbox (22.4968pt too wide) in paragraph at lines 1674--1674
[]    \OT1/cmtt/m/n/10 2.1139    0.8262    4.0036    0.0615    2.7723    1.8942    4.1116[] 
 []


Overfull \hbox (22.4968pt too wide) in paragraph at lines 1674--1674
[]    \OT1/cmtt/m/n/10 2.5720    1.8254    0.0035    3.4561    5.2626    1.2933    2.9298[] 
 []


Overfull \hbox (22.4968pt too wide) in paragraph at lines 1674--1674
[]    \OT1/cmtt/m/n/10 1.0000    1.0000    1.0000    1.0000    1.0000    1.0000    1.0000[] 
 []


Overfull \hbox (22.4968pt too wide) in paragraph at lines 1674--1674
[]    \OT1/cmtt/m/n/10 4.1894    1.3246    0.7751    0.7451    0.0000    0.7206    2.8900[] 
 []

[24 <c:/Users/josep/OneDrive/Documents/GitHub/Matlab_store/Courses/Amsc460/HW/Hw15/html/hw15_02-eps-converted-to.pdf>]
Overfull \hbox (22.4968pt too wide) in paragraph at lines 1674--1674
[]    \OT1/cmtt/m/n/10 5.3392    0.1310    0.3480    4.3675    0.8652    0.7205    5.4917[] 
 []


Overfull \hbox (22.4968pt too wide) in paragraph at lines 1674--1674
[]    \OT1/cmtt/m/n/10 1.0000    1.0000    1.0000    1.0000    1.0000    1.0000    1.0000[] 
 []


Overfull \hbox (22.4968pt too wide) in paragraph at lines 1674--1674
[]    \OT1/cmtt/m/n/10 0.0020    3.4477    1.6103    2.5715    0.0367    1.1640    0.2190[] 
 []


Overfull \hbox (22.4968pt too wide) in paragraph at lines 1674--1674
[]    \OT1/cmtt/m/n/10 5.6010    0.7889    7.5750    0.1398    6.0682    0.1829    8.9692[] 
 []


Overfull \hbox (22.4968pt too wide) in paragraph at lines 1674--1674
[]    \OT1/cmtt/m/n/10 1.0000    1.0000    1.0000    1.0000    1.0000    1.0000    1.0000[] 
 []


Overfull \hbox (22.4968pt too wide) in paragraph at lines 1674--1674
[]    \OT1/cmtt/m/n/10 0.3639    3.7822    0.5858    1.5264    7.0034    0.2454    2.5221[] 
 []


Overfull \hbox (22.4968pt too wide) in paragraph at lines 1674--1674
[]    \OT1/cmtt/m/n/10 0.8058    1.3018    1.3205    6.7479    0.4529    5.8421    6.2403[] 
 []


Overfull \hbox (22.4968pt too wide) in paragraph at lines 1674--1674
[]    \OT1/cmtt/m/n/10 1.0000    1.0000    1.0000    1.0000    1.0000    1.0000    1.0000[] 
 []


Overfull \hbox (22.4968pt too wide) in paragraph at lines 1674--1674
[]    \OT1/cmtt/m/n/10 1.8915    2.8342    2.9864    1.3860    5.8641    0.2300    0.0090[] 
 []


Overfull \hbox (22.4968pt too wide) in paragraph at lines 1674--1674
[]    \OT1/cmtt/m/n/10 5.8285    2.5115    3.9981    0.0940    1.8814    1.2342    2.8437[] 
 []


Overfull \hbox (22.4968pt too wide) in paragraph at lines 1674--1674
[]    \OT1/cmtt/m/n/10 1.0000    1.0000    1.0000    1.0000    1.0000    1.0000    1.0000[] 
 []


Overfull \hbox (22.4968pt too wide) in paragraph at lines 1674--1674
[]    \OT1/cmtt/m/n/10 0.8258    4.2194    4.1890    1.1488    0.8545    0.2039    0.0047[] 
 []


Overfull \hbox (22.4968pt too wide) in paragraph at lines 1674--1674
[]    \OT1/cmtt/m/n/10 3.9678    3.5723    3.6425    0.2849    0.0602    9.4450    8.2493[] 
 []


Overfull \hbox (22.4968pt too wide) in paragraph at lines 1674--1674
[]    \OT1/cmtt/m/n/10 1.0000    1.0000    1.0000    1.0000    1.0000    1.0000    1.0000[] 
 []


Overfull \hbox (22.4968pt too wide) in paragraph at lines 1674--1674
[]    \OT1/cmtt/m/n/10 5.1402    0.1888    0.9512    8.8911    9.4808    7.2098    5.4373[] 
 []


Overfull \hbox (22.4968pt too wide) in paragraph at lines 1674--1674
[]    \OT1/cmtt/m/n/10 0.8974    6.4078    4.0834    0.0342    0.3215    0.3898    2.4185[] 
 []


Overfull \hbox (22.4968pt too wide) in paragraph at lines 1674--1674
[]    \OT1/cmtt/m/n/10 1.0000    1.0000    1.0000    1.0000    1.0000    1.0000    1.0000[] 
 []


Overfull \hbox (22.4968pt too wide) in paragraph at lines 1674--1674
[]    \OT1/cmtt/m/n/10 0.7953    7.3907    7.0134    7.7885    4.7037    0.4049    0.6152[] 
 []


Overfull \hbox (22.4968pt too wide) in paragraph at lines 1674--1674
[]    \OT1/cmtt/m/n/10 5.0541    0.0212    1.6373    1.1756    0.1223    2.9633    7.8514[] 
 []


Overfull \hbox (22.4968pt too wide) in paragraph at lines 1674--1674
[]    \OT1/cmtt/m/n/10 1.0000    1.0000    1.0000    1.0000    1.0000    1.0000    1.0000[] 
 []


Overfull \hbox (22.4968pt too wide) in paragraph at lines 1674--1674
[]    \OT1/cmtt/m/n/10 1.2562    4.7838    6.0836    2.6890    3.2703    0.4328    1.6404[] 
 []


Overfull \hbox (22.4968pt too wide) in paragraph at lines 1674--1674
[]    \OT1/cmtt/m/n/10 0.0564    3.6231    2.8613    2.7907    3.8313    6.8831    8.0796[] 
 []


Overfull \hbox (22.4968pt too wide) in paragraph at lines 1674--1674
[]    \OT1/cmtt/m/n/10 1.0000    1.0000    1.0000    1.0000    1.0000    1.0000    1.0000[] 
 []


Overfull \hbox (22.4968pt too wide) in paragraph at lines 1674--1674
[]    \OT1/cmtt/m/n/10 7.3316    2.7090    0.6338    8.5837    1.5705    2.9289    7.2948[] 
 []


Overfull \hbox (22.4968pt too wide) in paragraph at lines 1674--1674
[]    \OT1/cmtt/m/n/10 0.7564    1.4151    0.5526    0.8763    3.1183    1.3162    0.0143[] 
 []


Overfull \hbox (22.4968pt too wide) in paragraph at lines 1674--1674
[]    \OT1/cmtt/m/n/10 1.0000    1.0000    1.0000    1.0000    1.0000    1.0000    1.0000[] 
 []


Overfull \hbox (22.4968pt too wide) in paragraph at lines 1674--1674
[]    \OT1/cmtt/m/n/10 5.0728    1.4345    5.7360    0.1191    0.6918    1.7636    0.0632[] 
 []


Overfull \hbox (22.4968pt too wide) in paragraph at lines 1674--1674
[]    \OT1/cmtt/m/n/10 0.5117    5.3942    0.0491    6.3455    1.8853    5.8310    5.7786[] 
 []


Overfull \hbox (22.4968pt too wide) in paragraph at lines 1674--1674
[]    \OT1/cmtt/m/n/10 1.0000    1.0000    1.0000    1.0000    1.0000    1.0000    1.0000[] 
 []


Overfull \hbox (22.4968pt too wide) in paragraph at lines 1674--1674
[]    \OT1/cmtt/m/n/10 0.4640    1.2127    8.8210    5.4583    3.2027    0.0041    5.9020[] 
 []


Overfull \hbox (22.4968pt too wide) in paragraph at lines 1674--1674
[]    \OT1/cmtt/m/n/10 6.2748    6.0488    0.1284    2.4282    1.6490    8.2176    2.0313[] 
 []


Overfull \hbox (22.4968pt too wide) in paragraph at lines 1674--1674
[]    \OT1/cmtt/m/n/10 1.0000    1.0000    1.0000    1.0000    1.0000    1.0000    1.0000[] 
 []


Overfull \hbox (22.4968pt too wide) in paragraph at lines 1674--1674
[]    \OT1/cmtt/m/n/10 2.4800    5.4140    6.2590    5.1619    0.1690    9.9931    0.9748[] 
 []


Overfull \hbox (22.4968pt too wide) in paragraph at lines 1674--1674
[]    \OT1/cmtt/m/n/10 0.2632    1.3534    0.0387    2.0899    8.4305    0.0017    1.9417[] 
 []

[25]
Overfull \hbox (22.4968pt too wide) in paragraph at lines 1674--1674
[]    \OT1/cmtt/m/n/10 1.0000    1.0000    1.0000    1.0000    1.0000    1.0000    1.0000[] 
 []


Overfull \hbox (22.4968pt too wide) in paragraph at lines 1674--1674
[]    \OT1/cmtt/m/n/10 1.7838    2.5189    3.6848    1.5458    2.3719    0.4930    5.1370[] 
 []


Overfull \hbox (22.4968pt too wide) in paragraph at lines 1674--1674
[]    \OT1/cmtt/m/n/10 0.0180    6.0102    2.0780    0.2523    1.1129    9.0202    5.3041[] 
 []


Overfull \hbox (22.4968pt too wide) in paragraph at lines 1674--1674
[]    \OT1/cmtt/m/n/10 1.0000    1.0000    1.0000    1.0000    1.0000    1.0000    1.0000[] 
 []


Overfull \hbox (22.4968pt too wide) in paragraph at lines 1674--1674
[]    \OT1/cmtt/m/n/10 0.0369    0.1046    0.4132    0.5718    8.6965    3.1634    4.1375[] 
 []


Overfull \hbox (22.4968pt too wide) in paragraph at lines 1674--1674
[]    \OT1/cmtt/m/n/10 0.6063    7.4837    4.4345    5.0604    0.0177    5.5665    1.1337[] 
 []


Overfull \hbox (22.4968pt too wide) in paragraph at lines 1674--1674
[]    \OT1/cmtt/m/n/10 1.0000    1.0000    1.0000    1.0000    1.0000    1.0000    1.0000[] 
 []


Overfull \hbox (22.4968pt too wide) in paragraph at lines 1674--1674
[]    \OT1/cmtt/m/n/10 0.2384    7.3549    4.2663    0.5536    0.0206    0.2744    0.0083[] 
 []


Overfull \hbox (22.4968pt too wide) in paragraph at lines 1674--1674
[]    \OT1/cmtt/m/n/10 8.2618    0.5576    4.6090    7.3438    5.8745    8.8005    2.7608[] 
 []


Overfull \hbox (22.4968pt too wide) in paragraph at lines 1674--1674
[]    \OT1/cmtt/m/n/10 1.0000    1.0000    1.0000    1.0000    1.0000    1.0000    1.0000[] 
 []


Overfull \hbox (22.4968pt too wide) in paragraph at lines 1674--1674
[]    \OT1/cmtt/m/n/10 1.0080    2.1887    2.0472    0.0268    1.6236    0.0762    0.0653[] 
 []


Overfull \hbox (22.4968pt too wide) in paragraph at lines 1674--1674
[]    \OT1/cmtt/m/n/10 4.6727    0.1357    2.2908    5.1509    8.2671    0.0530    2.4880[] 
 []


Overfull \hbox (22.4968pt too wide) in paragraph at lines 1674--1674
[]    \OT1/cmtt/m/n/10 1.0000    1.0000    1.0000    1.0000    1.0000    1.0000    1.0000[] 
 []


Overfull \hbox (22.4968pt too wide) in paragraph at lines 1674--1674
[]    \OT1/cmtt/m/n/10 8.4948    2.4712    0.3399    0.1638    6.2141    0.9856    2.8429[] 
 []


Overfull \hbox (22.4968pt too wide) in paragraph at lines 1674--1674
[]    \OT1/cmtt/m/n/10 1.0049    1.7787    1.0853    0.0347    0.0825    5.4651    1.5756[] 
 []


Overfull \hbox (22.4968pt too wide) in paragraph at lines 1674--1674
[]    \OT1/cmtt/m/n/10 1.0000    1.0000    1.0000    1.0000    1.0000    1.0000    1.0000[] 
 []


Overfull \hbox (22.4968pt too wide) in paragraph at lines 1674--1674
[]    \OT1/cmtt/m/n/10 1.7048    8.6653    5.7117    0.0874    0.9257    0.5838    1.5053[] 
 []


Overfull \hbox (22.4968pt too wide) in paragraph at lines 1674--1674
[]    \OT1/cmtt/m/n/10 0.8663    0.8152    0.6851    5.2833    7.2871    2.7701    4.6086[] 
 []


Overfull \hbox (22.4968pt too wide) in paragraph at lines 1674--1674
[]    \OT1/cmtt/m/n/10 1.0000    1.0000    1.0000    1.0000    1.0000    1.0000    1.0000[] 
 []


Overfull \hbox (22.4968pt too wide) in paragraph at lines 1674--1674
[]    \OT1/cmtt/m/n/10 0.3926    4.3719    2.9285    1.6603    5.4690    5.2827    4.0100[] 
 []


Overfull \hbox (22.4968pt too wide) in paragraph at lines 1674--1674
[]    \OT1/cmtt/m/n/10 7.4434    0.0251    1.2207    2.1206    3.4301    3.9667    0.5389[] 
 []


Overfull \hbox (22.4968pt too wide) in paragraph at lines 1674--1674
[]    \OT1/cmtt/m/n/10 1.0000    1.0000    1.0000    1.0000    1.0000    1.0000    1.0000[] 
 []


Overfull \hbox (22.4968pt too wide) in paragraph at lines 1674--1674
[]    \OT1/cmtt/m/n/10 3.8475    6.7164    8.9712    1.5023    7.7892    1.4984    3.4262[] 
 []


Overfull \hbox (22.4968pt too wide) in paragraph at lines 1674--1674
[]    \OT1/cmtt/m/n/10 0.0170    1.8422    0.0099    7.5138    0.0513    0.7282    4.6017[] 
 []


Overfull \hbox (22.4968pt too wide) in paragraph at lines 1674--1674
[]    \OT1/cmtt/m/n/10 1.0000    1.0000    1.0000    1.0000    1.0000    1.0000    1.0000[] 
 []


Overfull \hbox (22.4968pt too wide) in paragraph at lines 1674--1674
[]    \OT1/cmtt/m/n/10 1.8635    4.1701    5.2216    0.4185    0.7378    0.9664    1.8198[] 
 []


Overfull \hbox (22.4968pt too wide) in paragraph at lines 1674--1674
[]    \OT1/cmtt/m/n/10 1.5532    1.0982    1.1952    7.9126    0.5200    2.6630    0.2930[] 
 []


Overfull \hbox (22.4968pt too wide) in paragraph at lines 1674--1674
[]    \OT1/cmtt/m/n/10 1.0000    1.0000    1.0000    1.0000    1.0000    1.0000    1.0000[] 
 []


Overfull \hbox (22.4968pt too wide) in paragraph at lines 1674--1674
[]    \OT1/cmtt/m/n/10 4.9182    0.0740    2.7666    0.7221    5.0747    0.0018    1.5316[] 
 []


Overfull \hbox (22.4968pt too wide) in paragraph at lines 1674--1674
[]    \OT1/cmtt/m/n/10 4.5282    9.0923    4.6558    2.0080    3.2510    3.7297    3.7672[] 
 []


Overfull \hbox (22.4968pt too wide) in paragraph at lines 1674--1674
[]    \OT1/cmtt/m/n/10 1.0000    1.0000    1.0000    1.0000    1.0000    1.0000    1.0000[] 
 []


Overfull \hbox (22.4968pt too wide) in paragraph at lines 1674--1674
[]    \OT1/cmtt/m/n/10 1.5100    5.6445    8.9969    2.3800    0.7482    0.7468    0.6907[] 
 []


Overfull \hbox (22.4968pt too wide) in paragraph at lines 1674--1674
[]    \OT1/cmtt/m/n/10 7.2979    0.6356    0.1547    0.1896    3.4930    0.6730    0.8653[] 
 []


Overfull \hbox (22.4968pt too wide) in paragraph at lines 1674--1674
[]    \OT1/cmtt/m/n/10 1.0000    1.0000    1.0000    1.0000    1.0000    1.0000    1.0000[] 
 []

[26]
Overfull \hbox (22.4968pt too wide) in paragraph at lines 1674--1674
[]    \OT1/cmtt/m/n/10 0.0142    1.3491    5.5588    0.6978    5.3884    0.1028    0.3549[] 
 []


Overfull \hbox (22.4968pt too wide) in paragraph at lines 1674--1674
[]    \OT1/cmtt/m/n/10 8.5617    0.5136    0.0801    7.0966    0.1406    0.3626    0.7889[] 
 []


Overfull \hbox (22.4968pt too wide) in paragraph at lines 1674--1674
[]    \OT1/cmtt/m/n/10 1.0000    1.0000    1.0000    1.0000    1.0000    1.0000    1.0000[] 
 []


Overfull \hbox (22.4968pt too wide) in paragraph at lines 1674--1674
[]    \OT1/cmtt/m/n/10 0.0007    7.9253    6.7496    3.0047    2.4725    0.2084    0.1383[] 
 []


Overfull \hbox (22.4968pt too wide) in paragraph at lines 1674--1674
[]    \OT1/cmtt/m/n/10 4.7117    0.5337    0.4838    5.6295    5.9143    8.5338    7.8667[] 
 []


Overfull \hbox (22.4968pt too wide) in paragraph at lines 1674--1674
[]    \OT1/cmtt/m/n/10 1.0000    1.0000    1.0000    1.0000    1.0000    1.0000    1.0000[] 
 []


Overfull \hbox (22.4968pt too wide) in paragraph at lines 1674--1674
[]    \OT1/cmtt/m/n/10 0.2064    2.9519    4.8124    1.2985    8.0866    2.5069    5.0392[] 
 []


Overfull \hbox (22.4968pt too wide) in paragraph at lines 1674--1674
[]    \OT1/cmtt/m/n/10 5.5245    2.4312    1.8218    3.1330    1.0438    5.5874    0.4966[] 
 []


Overfull \hbox (22.4968pt too wide) in paragraph at lines 1674--1674
[]    \OT1/cmtt/m/n/10 1.0000    1.0000    1.0000    1.0000    1.0000    1.0000    1.0000[] 
 []


Overfull \hbox (22.4968pt too wide) in paragraph at lines 1674--1674
[]    \OT1/cmtt/m/n/10 0.0036    0.0298    2.2350    0.3287    0.1336    4.4436    1.9421[] 
 []


Overfull \hbox (22.4968pt too wide) in paragraph at lines 1674--1674
[]    \OT1/cmtt/m/n/10 2.8780    2.3980    3.6079    9.7742    8.6656    5.3651    5.3330[] 
 []


Overfull \hbox (22.4968pt too wide) in paragraph at lines 1674--1674
[]    \OT1/cmtt/m/n/10 1.0000    1.0000    1.0000    1.0000    1.0000    1.0000    1.0000[] 
 []


Overfull \hbox (22.4968pt too wide) in paragraph at lines 1674--1674
[]    \OT1/cmtt/m/n/10 4.0820    5.9932    2.0710    1.0100    8.4949    7.6005    3.0814[] 
 []


Overfull \hbox (22.4968pt too wide) in paragraph at lines 1674--1674
[]    \OT1/cmtt/m/n/10 6.0033    2.0284    3.1975    4.9606    0.0124    0.1047    2.2651[] 
 []


Overfull \hbox (22.4968pt too wide) in paragraph at lines 1674--1674
[]    \OT1/cmtt/m/n/10 1.0000    1.0000    1.0000    1.0000    1.0000    1.0000    1.0000[] 
 []


Overfull \hbox (22.4968pt too wide) in paragraph at lines 1674--1674
[]    \OT1/cmtt/m/n/10 2.8578    7.4197    2.1818    4.1087    9.7587    1.2955    2.2666[] 
 []


Overfull \hbox (22.4968pt too wide) in paragraph at lines 1674--1674
[]    \OT1/cmtt/m/n/10 6.6124    0.9408    0.0324    0.3372    0.1185    7.5337    5.9041[] 
 []


Overfull \hbox (22.4968pt too wide) in paragraph at lines 1674--1674
[]    \OT1/cmtt/m/n/10 1.0000    1.0000    1.0000    1.0000    1.0000    1.0000    1.0000[] 
 []


Overfull \hbox (22.4968pt too wide) in paragraph at lines 1674--1674
[]    \OT1/cmtt/m/n/10 4.5225    1.3172    3.1752    2.9698    0.7134    6.4429    5.0247[] 
 []


Overfull \hbox (22.4968pt too wide) in paragraph at lines 1674--1674
[]    \OT1/cmtt/m/n/10 1.1358    5.6389    5.5270    3.0034    3.9511    0.0690    1.7001[] 
 []


Overfull \hbox (22.4968pt too wide) in paragraph at lines 1674--1674
[]    \OT1/cmtt/m/n/10 1.0000    1.0000    1.0000    1.0000    1.0000    1.0000    1.0000[] 
 []


Overfull \hbox (22.4968pt too wide) in paragraph at lines 1674--1674
[]    \OT1/cmtt/m/n/10 5.8110    2.2506    0.1187    4.6045    1.7448    0.0420    0.0096[] 
 []


Overfull \hbox (22.4968pt too wide) in paragraph at lines 1674--1674
[]    \OT1/cmtt/m/n/10 0.1058    4.0571    9.6526    2.7691    1.4056    9.5633    5.3096[] 
 []


Overfull \hbox (22.4968pt too wide) in paragraph at lines 1674--1674
[]    \OT1/cmtt/m/n/10 1.0000    1.0000    1.0000    1.0000    1.0000    1.0000    1.0000[] 
 []


Overfull \hbox (22.4968pt too wide) in paragraph at lines 1674--1674
[]    \OT1/cmtt/m/n/10 0.7801    0.4122    2.4986    1.8815    3.8412    6.1018    7.9287[] 
 []


Overfull \hbox (22.4968pt too wide) in paragraph at lines 1674--1674
[]    \OT1/cmtt/m/n/10 2.6833    0.5263    6.0632    1.9512    2.5044    2.7049    1.2931[] 
 []


Overfull \hbox (22.4968pt too wide) in paragraph at lines 1674--1674
[]    \OT1/cmtt/m/n/10 1.0000    1.0000    1.0000    1.0000    1.0000    1.0000    1.0000[] 
 []


Overfull \hbox (22.4968pt too wide) in paragraph at lines 1674--1674
[]    \OT1/cmtt/m/n/10 3.9086    8.3648    1.9746    0.0421    0.4262    6.2021    1.0762[] 
 []


Overfull \hbox (22.4968pt too wide) in paragraph at lines 1674--1674
[]    \OT1/cmtt/m/n/10 3.0205    0.7387    5.2747    5.8107    2.8400    0.4755    6.5389[] 
 []


Overfull \hbox (22.4968pt too wide) in paragraph at lines 1674--1674
[]    \OT1/cmtt/m/n/10 1.0000    1.0000    1.0000    1.0000    1.0000    1.0000    1.0000[] 
 []


Overfull \hbox (22.4968pt too wide) in paragraph at lines 1674--1674
[]    \OT1/cmtt/m/n/10 5.6729    8.3111    0.2942    6.9759    0.9477    0.0003    0.0203[] 
 []


Overfull \hbox (22.4968pt too wide) in paragraph at lines 1674--1674
[]    \OT1/cmtt/m/n/10 3.0830    1.2192    2.6725    0.5003    5.6647    0.8427    2.1748[] 
 []


Overfull \hbox (22.4968pt too wide) in paragraph at lines 1674--1674
[]    \OT1/cmtt/m/n/10 1.0000    1.0000    1.0000    1.0000    1.0000    1.0000    1.0000[] 
 []


Overfull \hbox (22.4968pt too wide) in paragraph at lines 1674--1674
[]    \OT1/cmtt/m/n/10 3.7006    6.2026    7.0288    4.9791    0.8486    0.0751    7.7618[] 
 []


Overfull \hbox (22.4968pt too wide) in paragraph at lines 1674--1674
[]    \OT1/cmtt/m/n/10 3.5534    2.0939    1.6378    1.4205    7.2347    1.3203    0.7185[] 
 []

[27]
Overfull \hbox (22.4968pt too wide) in paragraph at lines 1674--1674
[]    \OT1/cmtt/m/n/10 1.0000    1.0000    1.0000    1.0000    1.0000    1.0000    1.0000[] 
 []


Overfull \hbox (22.4968pt too wide) in paragraph at lines 1674--1674
[]    \OT1/cmtt/m/n/10 8.6724    0.1546    2.9388    6.1504    7.2211    6.8451    0.0327[] 
 []


Overfull \hbox (22.4968pt too wide) in paragraph at lines 1674--1674
[]    \OT1/cmtt/m/n/10 0.0597    5.4314    6.5190    1.8481    0.2938    1.1271    8.2430[] 
 []


Overfull \hbox (22.4968pt too wide) in paragraph at lines 1674--1674
[]    \OT1/cmtt/m/n/10 1.0000    1.0000    1.0000    1.0000    1.0000    1.0000    1.0000[] 
 []


Overfull \hbox (22.4968pt too wide) in paragraph at lines 1674--1674
[]    \OT1/cmtt/m/n/10 0.0054    1.2760    0.9376    0.4190    2.4964    2.5043    2.8174[] 
 []


Overfull \hbox (22.4968pt too wide) in paragraph at lines 1674--1674
[]    \OT1/cmtt/m/n/10 0.2640    0.0039    1.7930    2.4532    3.4956    0.1549    3.9592[] 
 []


Overfull \hbox (22.4968pt too wide) in paragraph at lines 1674--1674
[]    \OT1/cmtt/m/n/10 1.0000    1.0000    1.0000    1.0000    1.0000    1.0000    1.0000[] 
 []


Overfull \hbox (22.4968pt too wide) in paragraph at lines 1674--1674
[]    \OT1/cmtt/m/n/10 0.4790    0.2528    0.7015    3.1499    3.4663    6.1897    0.7636[] 
 []


Overfull \hbox (22.4968pt too wide) in paragraph at lines 1674--1674
[]    \OT1/cmtt/m/n/10 7.1590    6.8667    2.6103    4.5474    0.1489    0.9964    8.1577[] 
 []


Overfull \hbox (22.4968pt too wide) in paragraph at lines 1674--1674
[]    \OT1/cmtt/m/n/10 1.0000    1.0000    1.0000    1.0000    1.0000    1.0000    1.0000[] 
 []


Overfull \hbox (22.4968pt too wide) in paragraph at lines 1674--1674
[]    \OT1/cmtt/m/n/10 5.7975    7.7150    0.0819    0.2888    5.3972    5.2946    3.7353[] 
 []


Overfull \hbox (22.4968pt too wide) in paragraph at lines 1674--1674
[]    \OT1/cmtt/m/n/10 0.7167    0.1032    3.5418    2.7620    2.4547    2.0639    2.3294[] 
 []


Overfull \hbox (22.4968pt too wide) in paragraph at lines 1674--1674
[]    \OT1/cmtt/m/n/10 1.0000    1.0000    1.0000    1.0000    1.0000    1.0000    1.0000[] 
 []


Overfull \hbox (22.4968pt too wide) in paragraph at lines 1674--1674
[]    \OT1/cmtt/m/n/10 0.9930    5.4747    0.1614    6.5916    3.6699    7.8860    3.2827[] 
 []


Overfull \hbox (22.4968pt too wide) in paragraph at lines 1674--1674
[]    \OT1/cmtt/m/n/10 0.1102    0.4568    7.7147    1.5616    0.1940    1.1871    4.9348[] 
 []


Overfull \hbox (22.4968pt too wide) in paragraph at lines 1674--1674
[]    \OT1/cmtt/m/n/10 1.0000    1.0000    1.0000    1.0000    1.0000    1.0000    1.0000[] 
 []


Overfull \hbox (22.4968pt too wide) in paragraph at lines 1674--1674
[]    \OT1/cmtt/m/n/10 4.4898    2.3639    8.0021    1.1727    2.6768    1.5063    0.7641[] 
 []


Overfull \hbox (22.4968pt too wide) in paragraph at lines 1674--1674
[]    \OT1/cmtt/m/n/10 0.0198    3.1676    0.9532    4.2884    3.5768    1.7936    0.2194[] 
 []


Overfull \hbox (22.4968pt too wide) in paragraph at lines 1674--1674
[]    \OT1/cmtt/m/n/10 1.0000    1.0000    1.0000    1.0000    1.0000    1.0000    1.0000[] 
 []


Overfull \hbox (22.4968pt too wide) in paragraph at lines 1674--1674
[]    \OT1/cmtt/m/n/10 4.1951    4.1079    0.0811    0.4821    2.8962    7.2743    1.4750[] 
 []


Overfull \hbox (22.4968pt too wide) in paragraph at lines 1674--1674
[]    \OT1/cmtt/m/n/10 4.4282    0.8745    0.3921    7.3824    5.4063    1.9596    0.8775[] 
 []


Overfull \hbox (22.4968pt too wide) in paragraph at lines 1674--1674
[]    \OT1/cmtt/m/n/10 1.0000    1.0000    1.0000    1.0000    1.0000    1.0000    1.0000[] 
 []


Overfull \hbox (22.4968pt too wide) in paragraph at lines 1674--1674
[]    \OT1/cmtt/m/n/10 1.5267    1.4969    0.4953    8.2801    0.0217    3.9303    5.7087[] 
 []


Overfull \hbox (22.4968pt too wide) in paragraph at lines 1674--1674
[]    \OT1/cmtt/m/n/10 5.4281    0.0930    1.6064    0.1337    2.6456    1.4854    0.0642[] 
 []


Overfull \hbox (22.4968pt too wide) in paragraph at lines 1674--1674
[]    \OT1/cmtt/m/n/10 1.0000    1.0000    1.0000    1.0000    1.0000    1.0000    1.0000[] 
 []


Overfull \hbox (22.4968pt too wide) in paragraph at lines 1674--1674
[]    \OT1/cmtt/m/n/10 7.0299    1.9251    4.9729    7.2555    0.0423    0.3462    3.3753[] 
 []


Overfull \hbox (22.4968pt too wide) in paragraph at lines 1674--1674
[]    \OT1/cmtt/m/n/10 0.0303    2.0216    3.4050    0.6519    1.2291    6.9751    2.0499[] 
 []


Overfull \hbox (22.4968pt too wide) in paragraph at lines 1674--1674
[]    \OT1/cmtt/m/n/10 1.0000    1.0000    1.0000    1.0000    1.0000    1.0000    1.0000[] 
 []


Overfull \hbox (22.4968pt too wide) in paragraph at lines 1674--1674
[]    \OT1/cmtt/m/n/10 7.1070    7.6171    2.9619    1.1391    2.8794    4.6329    0.8766[] 
 []


Overfull \hbox (22.4968pt too wide) in paragraph at lines 1674--1674
[]    \OT1/cmtt/m/n/10 2.2844    0.8376    1.5456    1.9591    1.0980    0.7792    7.7404[] 
 []


Overfull \hbox (22.4968pt too wide) in paragraph at lines 1674--1674
[]    \OT1/cmtt/m/n/10 1.0000    1.0000    1.0000    1.0000    1.0000    1.0000    1.0000[] 
 []


Overfull \hbox (22.4968pt too wide) in paragraph at lines 1674--1674
[]    \OT1/cmtt/m/n/10 3.9283    0.0982    1.2150    0.2140    1.9124    2.0768    4.9430[] 
 []


Overfull \hbox (22.4968pt too wide) in paragraph at lines 1674--1674
[]    \OT1/cmtt/m/n/10 1.4379    5.6185    0.8367    8.3121    6.2377    5.4865    4.3973[] 
 []


Overfull \hbox (22.4968pt too wide) in paragraph at lines 1674--1674
[]    \OT1/cmtt/m/n/10 1.0000    1.0000    1.0000    1.0000    1.0000    1.0000    1.0000[] 
 []

[28]
Overfull \hbox (22.4968pt too wide) in paragraph at lines 1674--1674
[]    \OT1/cmtt/m/n/10 5.8188    0.1817    0.1963    0.0377    0.3781    1.2699    2.0475[] 
 []


Overfull \hbox (22.4968pt too wide) in paragraph at lines 1674--1674
[]    \OT1/cmtt/m/n/10 2.9555    8.2654    7.7665    0.6641    0.1703    3.5259    1.4815[] 
 []


Overfull \hbox (22.4968pt too wide) in paragraph at lines 1674--1674
[]    \OT1/cmtt/m/n/10 1.0000    1.0000    1.0000    1.0000    1.0000    1.0000    1.0000[] 
 []


Overfull \hbox (22.4968pt too wide) in paragraph at lines 1674--1674
[]    \OT1/cmtt/m/n/10 7.8322    0.4494    2.5119    4.3589    1.0122    0.5562    1.4335[] 
 []


Overfull \hbox (22.4968pt too wide) in paragraph at lines 1674--1674
[]    \OT1/cmtt/m/n/10 0.0078    4.8785    6.3627    2.9996    0.1654    2.0807    0.1562[] 
 []


Overfull \hbox (22.4968pt too wide) in paragraph at lines 1674--1674
[]    \OT1/cmtt/m/n/10 1.0000    1.0000    1.0000    1.0000    1.0000    1.0000    1.0000[] 
 []


Overfull \hbox (22.4968pt too wide) in paragraph at lines 1674--1674
[]    \OT1/cmtt/m/n/10 0.3895    4.2489    0.1501    9.8526    0.3217    7.4459    0.3722[] 
 []


Overfull \hbox (22.4968pt too wide) in paragraph at lines 1674--1674
[]    \OT1/cmtt/m/n/10 6.1461    2.8809    8.4143    0.1949    1.1525    1.1631    0.1248[] 
 []


Overfull \hbox (22.4968pt too wide) in paragraph at lines 1674--1674
[]    \OT1/cmtt/m/n/10 1.0000    1.0000    1.0000    1.0000    1.0000    1.0000    1.0000[] 
 []


Overfull \hbox (22.4968pt too wide) in paragraph at lines 1674--1674
[]    \OT1/cmtt/m/n/10 4.9022    1.3365    1.2006    0.0040    2.3861    3.9665    4.6492[] 
 []


Overfull \hbox (22.4968pt too wide) in paragraph at lines 1674--1674
[]    \OT1/cmtt/m/n/10 3.2992    5.9240    6.7858    9.7979    5.3207    4.3533    0.3589[] 
 []


Overfull \hbox (22.4968pt too wide) in paragraph at lines 1674--1674
[]    \OT1/cmtt/m/n/10 1.0000    1.0000    1.0000    1.0000    1.0000    1.0000    1.0000[] 
 []


Overfull \hbox (22.4968pt too wide) in paragraph at lines 1674--1674
[]    \OT1/cmtt/m/n/10 3.2642    0.0153    2.8764    1.1984    2.5307    3.4666    0.2195[] 
 []


Overfull \hbox (22.4968pt too wide) in paragraph at lines 1674--1674
[]    \OT1/cmtt/m/n/10 0.3564    0.0502    1.9217    0.0046    6.1372    0.1612    7.6057[] 
 []


Overfull \hbox (22.4968pt too wide) in paragraph at lines 1674--1674
[]    \OT1/cmtt/m/n/10 1.0000    1.0000    1.0000    1.0000    1.0000    1.0000    1.0000[] 
 []


Overfull \hbox (22.4968pt too wide) in paragraph at lines 1674--1674
[]    \OT1/cmtt/m/n/10 3.7532    2.2976    4.0028    0.5326    3.3277    1.2102    1.4653[] 
 []


Overfull \hbox (22.4968pt too wide) in paragraph at lines 1674--1674
[]    \OT1/cmtt/m/n/10 1.8812    6.1600    5.6106    0.1792    1.4981    3.0904    6.7947[] 
 []


Overfull \hbox (22.4968pt too wide) in paragraph at lines 1674--1674
[]    \OT1/cmtt/m/n/10 1.0000    1.0000    1.0000    1.0000    1.0000    1.0000    1.0000[] 
 []


Overfull \hbox (22.4968pt too wide) in paragraph at lines 1674--1674
[]    \OT1/cmtt/m/n/10 0.5891    5.3144    7.3279    6.0088    1.7801    3.4671    3.1120[] 
 []


Overfull \hbox (22.4968pt too wide) in paragraph at lines 1674--1674
[]    \OT1/cmtt/m/n/10 8.5736    0.0403    0.4086    2.9363    2.3555    4.4975    3.1981[] 
 []


Overfull \hbox (22.4968pt too wide) in paragraph at lines 1674--1674
[]    \OT1/cmtt/m/n/10 1.0000    1.0000    1.0000    1.0000    1.0000    1.0000    1.0000[] 
 []


Overfull \hbox (22.4968pt too wide) in paragraph at lines 1674--1674
[]    \OT1/cmtt/m/n/10 8.1687    6.7658    7.0113    6.6812    7.9305    1.4199    4.2816[] 
 []


Overfull \hbox (22.4968pt too wide) in paragraph at lines 1674--1674
[]    \OT1/cmtt/m/n/10 0.0769    1.2322    0.0068    0.7509    0.0760    5.4914    1.3602[] 
 []


Overfull \hbox (22.4968pt too wide) in paragraph at lines 1674--1674
[]    \OT1/cmtt/m/n/10 1.0000    1.0000    1.0000    1.0000    1.0000    1.0000    1.0000[] 
 []


Overfull \hbox (22.4968pt too wide) in paragraph at lines 1674--1674
[]    \OT1/cmtt/m/n/10 0.5030    6.7200    4.9965    8.0281    2.7796    0.5795    2.3193[] 
 []


Overfull \hbox (22.4968pt too wide) in paragraph at lines 1674--1674
[]    \OT1/cmtt/m/n/10 0.0158    1.6511    2.8528    1.3413    0.8102    2.4811    1.7835[] 
 []


Overfull \hbox (22.4968pt too wide) in paragraph at lines 1674--1674
[]    \OT1/cmtt/m/n/10 1.0000    1.0000    1.0000    1.0000    1.0000    1.0000    1.0000[] 
 []


Overfull \hbox (22.4968pt too wide) in paragraph at lines 1674--1674
[]    \OT1/cmtt/m/n/10 2.5883    1.2785    4.7904    0.7720    1.2387    0.0005    3.3955[] 
 []


Overfull \hbox (22.4968pt too wide) in paragraph at lines 1674--1674
[]    \OT1/cmtt/m/n/10 1.9169    5.1322    3.8007    0.0984    8.0580    8.1702    1.3422[] 
 []


Overfull \hbox (22.4968pt too wide) in paragraph at lines 1674--1674
[]    \OT1/cmtt/m/n/10 1.0000    1.0000    1.0000    1.0000    1.0000    1.0000    1.0000[] 
 []


Overfull \hbox (22.4968pt too wide) in paragraph at lines 1674--1674
[]    \OT1/cmtt/m/n/10 3.1351    7.9305    1.7967    1.4796    7.7669    0.8482    7.2270[] 
 []


Overfull \hbox (22.4968pt too wide) in paragraph at lines 1674--1674
[]    \OT1/cmtt/m/n/10 1.3339    0.0061    1.1237    6.1436    0.3985    7.3949    0.6466[] 
 []


Overfull \hbox (22.4968pt too wide) in paragraph at lines 1674--1674
[]    \OT1/cmtt/m/n/10 1.0000    1.0000    1.0000    1.0000    1.0000    1.0000    1.0000[] 
 []


Overfull \hbox (22.4968pt too wide) in paragraph at lines 1674--1674
[]    \OT1/cmtt/m/n/10 5.8807    1.2735    1.0562    0.7171    0.1806    2.1757    8.3689[] 
 []


Overfull \hbox (22.4968pt too wide) in paragraph at lines 1674--1674
[]    \OT1/cmtt/m/n/10 1.7685    0.0120    1.0812    6.4244    8.4805    6.2949    0.1106[] 
 []

[29]
Overfull \hbox (22.4968pt too wide) in paragraph at lines 1674--1674
[]    \OT1/cmtt/m/n/10 1.0000    1.0000    1.0000    1.0000    1.0000    1.0000    1.0000[] 
 []


Overfull \hbox (22.4968pt too wide) in paragraph at lines 1674--1674
[]    \OT1/cmtt/m/n/10 4.8242    2.6318    0.8859    0.7480    6.1504    1.2131    0.1255[] 
 []


Overfull \hbox (22.4968pt too wide) in paragraph at lines 1674--1674
[]    \OT1/cmtt/m/n/10 0.6891    5.9256    0.1690    8.0063    1.5378    2.5896    8.0851[] 
 []


Overfull \hbox (22.4968pt too wide) in paragraph at lines 1674--1674
[]    \OT1/cmtt/m/n/10 1.0000    1.0000    1.0000    1.0000    1.0000    1.0000    1.0000[] 
 []


Overfull \hbox (22.4968pt too wide) in paragraph at lines 1674--1674
[]    \OT1/cmtt/m/n/10 2.6002    7.1819    1.8206    0.2902    0.0076    5.7126    0.9860[] 
 []


Overfull \hbox (22.4968pt too wide) in paragraph at lines 1674--1674
[]    \OT1/cmtt/m/n/10 4.1366    0.9943    1.6245    6.2112    4.3549    1.6113    6.7946[] 
 []


Overfull \hbox (22.4968pt too wide) in paragraph at lines 1674--1674
[]    \OT1/cmtt/m/n/10 1.0000    1.0000    1.0000    1.0000    1.0000    1.0000    1.0000[] 
 []


Overfull \hbox (22.4968pt too wide) in paragraph at lines 1674--1674
[]    \OT1/cmtt/m/n/10 9.0462    0.4632    0.2432    5.2904    1.0848    5.7831    1.0042[] 
 []


Overfull \hbox (22.4968pt too wide) in paragraph at lines 1674--1674
[]    \OT1/cmtt/m/n/10 0.8767    8.3859    3.0956    3.6426    0.7909    2.2345    0.1664[] 
 []


Overfull \hbox (22.4968pt too wide) in paragraph at lines 1674--1674
[]    \OT1/cmtt/m/n/10 1.0000    1.0000    1.0000    1.0000    1.0000    1.0000    1.0000[] 
 []


Overfull \hbox (22.4968pt too wide) in paragraph at lines 1674--1674
[]    \OT1/cmtt/m/n/10 5.9658    0.1564    2.0098    8.5474    3.1991    2.2290    1.7151[] 
 []


Overfull \hbox (22.4968pt too wide) in paragraph at lines 1674--1674
[]    \OT1/cmtt/m/n/10 0.8097    7.6251    5.6128    0.0875    3.8202    0.5814    4.5285[] 
 []


Overfull \hbox (22.4968pt too wide) in paragraph at lines 1674--1674
[]    \OT1/cmtt/m/n/10 1.0000    1.0000    1.0000    1.0000    1.0000    1.0000    1.0000[] 
 []


Overfull \hbox (22.4968pt too wide) in paragraph at lines 1674--1674
[]    \OT1/cmtt/m/n/10 5.9702    0.2652    3.3387    4.7058    1.4016    4.6847    0.2940[] 
 []


Overfull \hbox (22.4968pt too wide) in paragraph at lines 1674--1674
[]    \OT1/cmtt/m/n/10 0.0319    7.9353    0.9697    4.2893    4.2018    2.6155    0.0577[] 
 []


Overfull \hbox (22.4968pt too wide) in paragraph at lines 1674--1674
[]    \OT1/cmtt/m/n/10 1.0000    1.0000    1.0000    1.0000    1.0000    1.0000    1.0000[] 
 []


Overfull \hbox (22.4968pt too wide) in paragraph at lines 1674--1674
[]    \OT1/cmtt/m/n/10 8.4692    3.1071    3.3127    0.0193    2.2804    4.5352    8.7617[] 
 []


Overfull \hbox (22.4968pt too wide) in paragraph at lines 1674--1674
[]    \OT1/cmtt/m/n/10 1.0438    6.6237    0.0748    0.0268    6.7482    4.0890    0.1714[] 
 []


Overfull \hbox (22.4968pt too wide) in paragraph at lines 1674--1674
[]    \OT1/cmtt/m/n/10 1.0000    1.0000    1.0000    1.0000    1.0000    1.0000    1.0000[] 
 []


Overfull \hbox (22.4968pt too wide) in paragraph at lines 1674--1674
[]    \OT1/cmtt/m/n/10 3.3529    5.5323    4.2940    5.6744    0.9788    2.1444    6.3278[] 
 []


Overfull \hbox (22.4968pt too wide) in paragraph at lines 1674--1674
[]    \OT1/cmtt/m/n/10 3.0707    3.0852    1.8215    4.2114    0.0000    3.6137    0.6149[] 
 []


Overfull \hbox (22.4968pt too wide) in paragraph at lines 1674--1674
[]    \OT1/cmtt/m/n/10 1.0000    1.0000    1.0000    1.0000    1.0000    1.0000    1.0000[] 
 []


Overfull \hbox (22.4968pt too wide) in paragraph at lines 1674--1674
[]    \OT1/cmtt/m/n/10 9.9319    0.0991    2.8544    6.4373    5.5309    6.5644    0.0864[] 
 []


Overfull \hbox (22.4968pt too wide) in paragraph at lines 1674--1674
[]    \OT1/cmtt/m/n/10 0.0018    4.3775    5.0361    1.8729    0.0503    0.0008    6.3039[] 
 []


Overfull \hbox (22.4968pt too wide) in paragraph at lines 1674--1674
[]    \OT1/cmtt/m/n/10 1.0000    1.0000    1.0000    1.0000    1.0000    1.0000    1.0000[] 
 []


Overfull \hbox (22.4968pt too wide) in paragraph at lines 1674--1674
[]    \OT1/cmtt/m/n/10 2.1307    7.2744    4.1144    0.0916    5.4382    0.5670    8.7333[] 
 []


Overfull \hbox (22.4968pt too wide) in paragraph at lines 1674--1674
[]    \OT1/cmtt/m/n/10 1.1329    0.0000    1.5184    5.0048    1.8332    1.8426    0.0742[] 
 []


Overfull \hbox (22.4968pt too wide) in paragraph at lines 1674--1674
[]    \OT1/cmtt/m/n/10 1.0000    1.0000    1.0000    1.0000    1.0000    1.0000    1.0000[] 
 []


Overfull \hbox (22.4968pt too wide) in paragraph at lines 1674--1674
[]    \OT1/cmtt/m/n/10 2.0255    8.0985    6.3333    7.4546    7.9146    2.0364    7.3360[] 
 []


Overfull \hbox (22.4968pt too wide) in paragraph at lines 1674--1674
[]    \OT1/cmtt/m/n/10 5.8984    1.1710    2.5070    1.1134    0.8446    5.0483    0.8282[] 
 []


Overfull \hbox (22.4968pt too wide) in paragraph at lines 1674--1674
[]    \OT1/cmtt/m/n/10 1.0000    1.0000    1.0000    1.0000    1.0000    1.0000    1.0000[] 
 []


Overfull \hbox (22.4968pt too wide) in paragraph at lines 1674--1674
[]    \OT1/cmtt/m/n/10 0.4716    5.2850    6.6740    0.9200    1.5132    0.0413    6.0187[] 
 []


Overfull \hbox (22.4968pt too wide) in paragraph at lines 1674--1674
[]    \OT1/cmtt/m/n/10 1.3272    0.1114    0.5499    5.2319    2.3826    9.4032    1.5214[] 
 []


Overfull \hbox (22.4968pt too wide) in paragraph at lines 1674--1674
[]    \OT1/cmtt/m/n/10 1.0000    1.0000    1.0000    1.0000    1.0000    1.0000    1.0000[] 
 []

[30]
Overfull \hbox (22.4968pt too wide) in paragraph at lines 1674--1674
[]    \OT1/cmtt/m/n/10 4.5629    4.8422    3.5272    7.2744    0.5670    5.2473    1.5176[] 
 []


Overfull \hbox (22.4968pt too wide) in paragraph at lines 1674--1674
[]    \OT1/cmtt/m/n/10 4.1658    2.6033    2.6548    1.2913    7.1549    2.9083    3.4530[] 
 []


Overfull \hbox (22.4968pt too wide) in paragraph at lines 1674--1674
[]    \OT1/cmtt/m/n/10 1.0000    1.0000    1.0000    1.0000    1.0000    1.0000    1.0000[] 
 []


Overfull \hbox (22.4968pt too wide) in paragraph at lines 1674--1674
[]    \OT1/cmtt/m/n/10 3.1400    3.8861    3.1436    4.1591    0.0063    3.2367    5.6335[] 
 []


Overfull \hbox (22.4968pt too wide) in paragraph at lines 1674--1674
[]    \OT1/cmtt/m/n/10 2.0568    3.1035    5.4787    6.0647    9.4609    0.9955    1.6558[] 
 []


Overfull \hbox (22.4968pt too wide) in paragraph at lines 1674--1674
[]    \OT1/cmtt/m/n/10 1.0000    1.0000    1.0000    1.0000    1.0000    1.0000    1.0000[] 
 []


Overfull \hbox (22.4968pt too wide) in paragraph at lines 1674--1674
[]    \OT1/cmtt/m/n/10 0.0001    0.2852    1.4064    5.1383    8.0793    0.3742    0.0890[] 
 []


Overfull \hbox (22.4968pt too wide) in paragraph at lines 1674--1674
[]    \OT1/cmtt/m/n/10 8.3623    3.7105    0.4411    3.8689    0.0260    7.6665    8.6781[] 
 []


Overfull \hbox (22.4968pt too wide) in paragraph at lines 1674--1674
[]    \OT1/cmtt/m/n/10 1.0000    1.0000    1.0000    1.0000    1.0000    1.0000    1.0000[] 
 []


Overfull \hbox (22.4968pt too wide) in paragraph at lines 1674--1674
[]    \OT1/cmtt/m/n/10 0.5981    6.8314    4.7128    8.7675    0.0090    5.8981    0.5433[] 
 []


Overfull \hbox (22.4968pt too wide) in paragraph at lines 1674--1674
[]    \OT1/cmtt/m/n/10 7.8795    1.8340    2.7615    0.0267    0.3852    0.0293    3.4636[] 
 []


Overfull \hbox (22.4968pt too wide) in paragraph at lines 1674--1674
[]    \OT1/cmtt/m/n/10 1.0000    1.0000    1.0000    1.0000    1.0000    1.0000    1.0000[] 
 []


Overfull \hbox (22.4968pt too wide) in paragraph at lines 1674--1674
[]    \OT1/cmtt/m/n/10 1.4417    0.0077    2.2897    3.7597    5.3936    4.9742    7.4005[] 
 []


Overfull \hbox (22.4968pt too wide) in paragraph at lines 1674--1674
[]    \OT1/cmtt/m/n/10 2.5232    2.6172    7.6533    5.2078    2.2074    2.2902    0.9357[] 
 []


Overfull \hbox (22.4968pt too wide) in paragraph at lines 1674--1674
[]    \OT1/cmtt/m/n/10 1.0000    1.0000    1.0000    1.0000    1.0000    1.0000    1.0000[] 
 []


Overfull \hbox (22.4968pt too wide) in paragraph at lines 1674--1674
[]    \OT1/cmtt/m/n/10 0.1855    2.0247    0.2896    5.2813    0.0059    6.8042    2.4205[] 
 []


Overfull \hbox (22.4968pt too wide) in paragraph at lines 1674--1674
[]    \OT1/cmtt/m/n/10 6.1413    0.0297    0.5177    0.1254    4.5824    1.7819    0.5303[] 
 []


Overfull \hbox (22.4968pt too wide) in paragraph at lines 1674--1674
[]    \OT1/cmtt/m/n/10 1.0000    1.0000    1.0000    1.0000    1.0000    1.0000    1.0000[] 
 []


Overfull \hbox (22.4968pt too wide) in paragraph at lines 1674--1674
[]    \OT1/cmtt/m/n/10 2.0756    9.8257    3.8220    7.3176    8.4140    0.0957    7.7684[] 
 []


Overfull \hbox (22.4968pt too wide) in paragraph at lines 1674--1674
[]    \OT1/cmtt/m/n/10 7.5843    0.3467    0.2080    1.7297    0.2897    6.9239    0.0661[] 
 []


Overfull \hbox (22.4968pt too wide) in paragraph at lines 1674--1674
[]    \OT1/cmtt/m/n/10 1.0000    1.0000    1.0000    1.0000    1.0000    1.0000    1.0000[] 
 []


Overfull \hbox (22.4968pt too wide) in paragraph at lines 1674--1674
[]    \OT1/cmtt/m/n/10 1.4775    0.5308    1.3979    7.4918    0.4669    0.0542    0.1786[] 
 []


Overfull \hbox (22.4968pt too wide) in paragraph at lines 1674--1674
[]    \OT1/cmtt/m/n/10 7.2524    6.7669    2.9242    0.7737    7.2192    1.2107    6.7609[] 
 []


Overfull \hbox (22.4968pt too wide) in paragraph at lines 1674--1674
[]    \OT1/cmtt/m/n/10 1.0000    1.0000    1.0000    1.0000    1.0000    1.0000    1.0000[] 
 []


Overfull \hbox (22.4968pt too wide) in paragraph at lines 1674--1674
[]    \OT1/cmtt/m/n/10 2.9122    5.3245    2.8470    5.7346    0.8664    5.1734    6.3327[] 
 []


Overfull \hbox (22.4968pt too wide) in paragraph at lines 1674--1674
[]    \OT1/cmtt/m/n/10 3.9843    2.9451    4.9281    2.6862    6.6042    3.2268    2.0780[] 
 []


Overfull \hbox (22.4968pt too wide) in paragraph at lines 1674--1674
[]    \OT1/cmtt/m/n/10 1.0000    1.0000    1.0000    1.0000    1.0000    1.0000    1.0000[] 
 []


Overfull \hbox (22.4968pt too wide) in paragraph at lines 1674--1674
[]    \OT1/cmtt/m/n/10 5.8801    5.4700    0.0551    2.8254    7.4633    5.6920    5.9492[] 
 []


Overfull \hbox (22.4968pt too wide) in paragraph at lines 1674--1674
[]    \OT1/cmtt/m/n/10 1.6709    2.2086    0.8377    5.0402    1.0448    2.1384    0.3217[] 
 []


Overfull \hbox (22.4968pt too wide) in paragraph at lines 1674--1674
[]    \OT1/cmtt/m/n/10 1.0000    1.0000    1.0000    1.0000    1.0000    1.0000    1.0000[] 
 []


Overfull \hbox (22.4968pt too wide) in paragraph at lines 1674--1674
[]    \OT1/cmtt/m/n/10 4.3348    0.3105    0.5781    2.0054    0.9314    1.4571    3.3084[] 
 []


Overfull \hbox (22.4968pt too wide) in paragraph at lines 1674--1674
[]    \OT1/cmtt/m/n/10 0.1398    7.3579    3.1736    6.5243    6.4220    7.0441    2.1184[] 
 []


Overfull \hbox (22.4968pt too wide) in paragraph at lines 1674--1674
[]    \OT1/cmtt/m/n/10 1.0000    1.0000    1.0000    1.0000    1.0000    1.0000    1.0000[] 
 []


Overfull \hbox (22.4968pt too wide) in paragraph at lines 1674--1674
[]    \OT1/cmtt/m/n/10 5.5994    8.1973    5.2149    0.1408    0.0145    0.0044    2.8615[] 
 []


Overfull \hbox (22.4968pt too wide) in paragraph at lines 1674--1674
[]    \OT1/cmtt/m/n/10 0.3434    0.9856    0.6088    6.2174    1.5948    8.8951    5.6262[] 
 []

[31]
Overfull \hbox (22.4968pt too wide) in paragraph at lines 1674--1674
[]    \OT1/cmtt/m/n/10 1.0000    1.0000    1.0000    1.0000    1.0000    1.0000    1.0000[] 
 []


Overfull \hbox (22.4968pt too wide) in paragraph at lines 1674--1674
[]    \OT1/cmtt/m/n/10 9.2951    4.0876    1.0205    0.0197    0.8738    0.1926    1.6172[] 
 []


Overfull \hbox (22.4968pt too wide) in paragraph at lines 1674--1674
[]    \OT1/cmtt/m/n/10 0.6111    0.4807    4.9905    4.8322    3.3054    0.3088    7.6517[] 
 []


Overfull \hbox (22.4968pt too wide) in paragraph at lines 1674--1674
[]    \OT1/cmtt/m/n/10 1.0000    1.0000    1.0000    1.0000    1.0000    1.0000    1.0000[] 
 []


Overfull \hbox (22.4968pt too wide) in paragraph at lines 1674--1674
[]    \OT1/cmtt/m/n/10 3.5997    1.0694    0.5024    2.7653    7.5576    5.4043    0.1770[] 
 []


Overfull \hbox (22.4968pt too wide) in paragraph at lines 1674--1674
[]    \OT1/cmtt/m/n/10 0.0004    7.8006    4.1707    2.7580    0.4336    1.2893    5.0592[] 
 []


Overfull \hbox (22.4968pt too wide) in paragraph at lines 1674--1674
[]    \OT1/cmtt/m/n/10 1.0000    1.0000    1.0000    1.0000    1.0000    1.0000    1.0000[] 
 []


Overfull \hbox (22.4968pt too wide) in paragraph at lines 1674--1674
[]    \OT1/cmtt/m/n/10 5.4710    0.0644    0.0445    1.9419    0.0006    1.3241    4.6682[] 
 []


Overfull \hbox (22.4968pt too wide) in paragraph at lines 1674--1674
[]    \OT1/cmtt/m/n/10 0.0266    6.7680    8.9057    0.4215    3.1960    2.1110    4.2344[] 
 []


Overfull \hbox (22.4968pt too wide) in paragraph at lines 1674--1674
[]    \OT1/cmtt/m/n/10 1.0000    1.0000    1.0000    1.0000    1.0000    1.0000    1.0000[] 
 []


Overfull \hbox (22.4968pt too wide) in paragraph at lines 1674--1674
[]    \OT1/cmtt/m/n/10 9.2095    1.3547    6.0599    2.0332    0.3473    1.0981    6.9012[] 
 []


Overfull \hbox (22.4968pt too wide) in paragraph at lines 1674--1674
[]    \OT1/cmtt/m/n/10 0.0017    4.2467    2.8421    2.9438    1.5702    3.3198    1.8273[] 
 []


Overfull \hbox (22.4968pt too wide) in paragraph at lines 1674--1674
[]    \OT1/cmtt/m/n/10 1.0000    1.0000    1.0000    1.0000    1.0000    1.0000    1.0000[] 
 []


Overfull \hbox (22.4968pt too wide) in paragraph at lines 1674--1674
[]    \OT1/cmtt/m/n/10 0.1202    0.0089    9.5945    4.7826    0.0480    0.5409    0.0048[] 
 []


Overfull \hbox (22.4968pt too wide) in paragraph at lines 1674--1674
[]    \OT1/cmtt/m/n/10 2.0284    8.0274    0.0364    0.1993    4.1378    0.0014    0.0076[] 
 []


Overfull \hbox (22.4968pt too wide) in paragraph at lines 1674--1674
[]    \OT1/cmtt/m/n/10 1.0000    1.0000    1.0000    1.0000    1.0000    1.0000    1.0000[] 
 []


Overfull \hbox (22.4968pt too wide) in paragraph at lines 1674--1674
[]    \OT1/cmtt/m/n/10 2.5145    8.9622    0.0476    3.0481    9.4839    5.4158    5.6521[] 
 []


Overfull \hbox (22.4968pt too wide) in paragraph at lines 1674--1674
[]    \OT1/cmtt/m/n/10 1.6357    0.2526    0.1274    6.4767    0.1184    0.8858    0.5811[] 
 []


Overfull \hbox (22.4968pt too wide) in paragraph at lines 1674--1674
[]    \OT1/cmtt/m/n/10 1.0000    1.0000    1.0000    1.0000    1.0000    1.0000    1.0000[] 
 []


Overfull \hbox (22.4968pt too wide) in paragraph at lines 1674--1674
[]    \OT1/cmtt/m/n/10 6.7559    0.2816    0.2618    1.2733    0.1710    3.6738    5.3103[] 
 []


Overfull \hbox (22.4968pt too wide) in paragraph at lines 1674--1674
[]    \OT1/cmtt/m/n/10 1.7719    2.3742    7.9921    3.0458    7.0243    4.4574    1.5132[] 
 []


Overfull \hbox (22.4968pt too wide) in paragraph at lines 1674--1674
[]    \OT1/cmtt/m/n/10 1.0000    1.0000    1.0000    1.0000    1.0000    1.0000    1.0000[] 
 []


Overfull \hbox (22.4968pt too wide) in paragraph at lines 1674--1674
[]    \OT1/cmtt/m/n/10 5.1824    2.9577    8.7243    0.4142    4.9138    3.7577    0.2128[] 
 []


Overfull \hbox (22.4968pt too wide) in paragraph at lines 1674--1674
[]    \OT1/cmtt/m/n/10 3.9691    0.6128    0.1355    8.4685    1.7624    0.1403    0.5118[] 
 []


Overfull \hbox (22.4968pt too wide) in paragraph at lines 1674--1674
[]    \OT1/cmtt/m/n/10 1.0000    1.0000    1.0000    1.0000    1.0000    1.0000    1.0000[] 
 []


Overfull \hbox (22.4968pt too wide) in paragraph at lines 1674--1674
[]    \OT1/cmtt/m/n/10 0.7013    2.1887    2.5421    5.1122    0.0001    1.3428    2.7265[] 
 []


Overfull \hbox (22.4968pt too wide) in paragraph at lines 1674--1674
[]    \OT1/cmtt/m/n/10 6.3472    6.5023    0.4306    4.1823    0.7638    2.4607    2.0140[] 
 []


Overfull \hbox (22.4968pt too wide) in paragraph at lines 1674--1674
[]    \OT1/cmtt/m/n/10 1.0000    1.0000    1.0000    1.0000    1.0000    1.0000    1.0000[] 
 []


Overfull \hbox (22.4968pt too wide) in paragraph at lines 1674--1674
[]    \OT1/cmtt/m/n/10 3.9090    2.5587    4.9649    6.7200    4.5344    1.0390    7.1135[] 
 []


Overfull \hbox (22.4968pt too wide) in paragraph at lines 1674--1674
[]    \OT1/cmtt/m/n/10 4.3300    2.4086    1.3555    3.0355    3.4911    0.0216    1.3413[] 
 []


Overfull \hbox (22.4968pt too wide) in paragraph at lines 1674--1674
[]    \OT1/cmtt/m/n/10 1.0000    1.0000    1.0000    1.0000    1.0000    1.0000    1.0000[] 
 []


Overfull \hbox (22.4968pt too wide) in paragraph at lines 1674--1674
[]    \OT1/cmtt/m/n/10 0.6056    0.0174    7.9130    4.5361    3.2829    5.6692    1.4670[] 
 []


Overfull \hbox (22.4968pt too wide) in paragraph at lines 1674--1674
[]    \OT1/cmtt/m/n/10 8.0340    2.0334    1.1789    0.8755    0.6981    0.0080    2.7674[] 
 []


Overfull \hbox (22.4968pt too wide) in paragraph at lines 1674--1674
[]    \OT1/cmtt/m/n/10 1.0000    1.0000    1.0000    1.0000    1.0000    1.0000    1.0000[] 
 []

[32]
Overfull \hbox (22.4968pt too wide) in paragraph at lines 1674--1674
[]    \OT1/cmtt/m/n/10 0.1728    0.5477    8.3769    2.5208    9.0133    0.2572    0.0011[] 
 []


Overfull \hbox (22.4968pt too wide) in paragraph at lines 1674--1674
[]    \OT1/cmtt/m/n/10 5.5657    0.7352    0.2676    4.7569    0.0070    7.2133    8.5441[] 
 []


Overfull \hbox (22.4968pt too wide) in paragraph at lines 1674--1674
[]    \OT1/cmtt/m/n/10 1.0000    1.0000    1.0000    1.0000    1.0000    1.0000    1.0000[] 
 []


Overfull \hbox (22.4968pt too wide) in paragraph at lines 1674--1674
[]    \OT1/cmtt/m/n/10 0.0653    8.7515    1.5874    5.3002    1.2226    3.4670    0.0024[] 
 []


Overfull \hbox (22.4968pt too wide) in paragraph at lines 1674--1674
[]    \OT1/cmtt/m/n/10 9.8506    0.3786    1.5046    2.9692    3.6137    1.4205    8.0172[] 
 []


Overfull \hbox (22.4968pt too wide) in paragraph at lines 1674--1674
[]    \OT1/cmtt/m/n/10 1.0000    1.0000    1.0000    1.0000    1.0000    1.0000    1.0000[] 
 []


Overfull \hbox (22.4968pt too wide) in paragraph at lines 1674--1674
[]    \OT1/cmtt/m/n/10 2.6618    7.3008    0.8804    0.2019    0.2454    1.0977    0.4543[] 
 []


Overfull \hbox (22.4968pt too wide) in paragraph at lines 1674--1674
[]    \OT1/cmtt/m/n/10 2.9328    2.5874    7.1163    8.6568    5.8495    0.1970    2.3456[] 
 []


Overfull \hbox (22.4968pt too wide) in paragraph at lines 1674--1674
[]    \OT1/cmtt/m/n/10 1.0000    1.0000    1.0000    1.0000    1.0000    1.0000    1.0000[] 
 []


Overfull \hbox (22.4968pt too wide) in paragraph at lines 1674--1674
[]    \OT1/cmtt/m/n/10 1.9743    4.5633    3.7056    1.5843    8.5323    1.4111    0.0289[] 
 []


Overfull \hbox (22.4968pt too wide) in paragraph at lines 1674--1674
[]    \OT1/cmtt/m/n/10 1.0536    0.0046    1.4991    7.1298    0.0044    0.4270    1.9120[] 
 []


Overfull \hbox (22.4968pt too wide) in paragraph at lines 1674--1674
[]    \OT1/cmtt/m/n/10 1.0000    1.0000    1.0000    1.0000    1.0000    1.0000    1.0000[] 
 []


Overfull \hbox (22.4968pt too wide) in paragraph at lines 1674--1674
[]    \OT1/cmtt/m/n/10 6.1257    5.7947    0.6178    2.1529    0.1645    0.0620    3.4063[] 
 []


Overfull \hbox (22.4968pt too wide) in paragraph at lines 1674--1674
[]    \OT1/cmtt/m/n/10 0.7671    0.1407    1.6375    2.2796    1.7531    0.6014    0.4258[] 
 []


Overfull \hbox (22.4968pt too wide) in paragraph at lines 1674--1674
[]    \OT1/cmtt/m/n/10 1.0000    1.0000    1.0000    1.0000    1.0000    1.0000    1.0000[] 
 []


Overfull \hbox (22.4968pt too wide) in paragraph at lines 1674--1674
[]    \OT1/cmtt/m/n/10 0.0507    5.6944    3.7772    0.0568    3.7416    1.4590    0.0417[] 
 []


Overfull \hbox (22.4968pt too wide) in paragraph at lines 1674--1674
[]    \OT1/cmtt/m/n/10 5.8716    3.6121    2.5785    8.9166    0.0774    0.0013    1.9125[] 
 []


Overfull \hbox (22.4968pt too wide) in paragraph at lines 1674--1674
[]    \OT1/cmtt/m/n/10 1.0000    1.0000    1.0000    1.0000    1.0000    1.0000    1.0000[] 
 []


Overfull \hbox (22.4968pt too wide) in paragraph at lines 1674--1674
[]    \OT1/cmtt/m/n/10 0.7404    0.3607    2.9067    6.7912    2.7739    0.0072    3.3804[] 
 []


Overfull \hbox (22.4968pt too wide) in paragraph at lines 1674--1674
[]    \OT1/cmtt/m/n/10 7.3277    7.8269    4.5120    2.3625    4.6455    1.2185    1.4900[] 
 []


Overfull \hbox (22.4968pt too wide) in paragraph at lines 1674--1674
[]    \OT1/cmtt/m/n/10 1.0000    1.0000    1.0000    1.0000    1.0000    1.0000    1.0000[] 
 []


Overfull \hbox (22.4968pt too wide) in paragraph at lines 1674--1674
[]    \OT1/cmtt/m/n/10 2.6549    3.0496    7.1027    8.2558    1.0119    0.2818    1.9135[] 
 []


Overfull \hbox (22.4968pt too wide) in paragraph at lines 1674--1674
[]    \OT1/cmtt/m/n/10 5.9626    0.9081    0.5285    1.4414    0.3385    5.4101    5.4053[] 
 []


Overfull \hbox (22.4968pt too wide) in paragraph at lines 1674--1674
[]    \OT1/cmtt/m/n/10 1.0000    1.0000    1.0000    1.0000    1.0000    1.0000    1.0000[] 
 []


Overfull \hbox (22.4968pt too wide) in paragraph at lines 1674--1674
[]    \OT1/cmtt/m/n/10 1.0731    2.2681    2.0258    0.0921    1.8228    0.6369    0.0088[] 
 []


Overfull \hbox (22.4968pt too wide) in paragraph at lines 1674--1674
[]    \OT1/cmtt/m/n/10 7.8141    0.3979    1.4282    0.3137    6.4726    6.9309    0.1005[] 
 []


Overfull \hbox (22.4968pt too wide) in paragraph at lines 1674--1674
[]    \OT1/cmtt/m/n/10 1.0000    1.0000    1.0000    1.0000    1.0000    1.0000    1.0000[] 
 []


Overfull \hbox (22.4968pt too wide) in paragraph at lines 1674--1674
[]    \OT1/cmtt/m/n/10 3.8565    1.5598    7.3219    1.7153    2.4000    3.2700    4.3284[] 
 []


Overfull \hbox (22.4968pt too wide) in paragraph at lines 1674--1674
[]    \OT1/cmtt/m/n/10 4.6219    6.8180    1.2729    5.7911    4.1635    0.1300    1.3554[] 
 []


Overfull \hbox (22.4968pt too wide) in paragraph at lines 1674--1674
[]    \OT1/cmtt/m/n/10 1.0000    1.0000    1.0000    1.0000    1.0000    1.0000    1.0000[] 
 []


Overfull \hbox (22.4968pt too wide) in paragraph at lines 1674--1674
[]    \OT1/cmtt/m/n/10 6.5444    1.8371    7.7801    1.0453    4.1039    3.0468    0.2301[] 
 []


Overfull \hbox (22.4968pt too wide) in paragraph at lines 1674--1674
[]    \OT1/cmtt/m/n/10 0.8738    0.1309    1.1672    7.1628    0.5752    2.9652    2.9102[] 
 []


Overfull \hbox (22.4968pt too wide) in paragraph at lines 1674--1674
[]    \OT1/cmtt/m/n/10 1.0000    1.0000    1.0000    1.0000    1.0000    1.0000    1.0000[] 
 []


Overfull \hbox (22.4968pt too wide) in paragraph at lines 1674--1674
[]    \OT1/cmtt/m/n/10 3.1677    8.7504    0.1843    2.0354    1.3143    2.3818    9.6031[] 
 []


Overfull \hbox (22.4968pt too wide) in paragraph at lines 1674--1674
[]    \OT1/cmtt/m/n/10 4.9265    0.4220    2.6300    1.5429    5.4301    4.1675    0.1850[] 
 []

[33]
Overfull \hbox (22.4968pt too wide) in paragraph at lines 1674--1674
[]    \OT1/cmtt/m/n/10 1.0000    1.0000    1.0000    1.0000    1.0000    1.0000    1.0000[] 
 []


Overfull \hbox (22.4968pt too wide) in paragraph at lines 1674--1674
[]    \OT1/cmtt/m/n/10 4.0937    6.0339    4.9872    0.5109    0.0289    0.0309    2.9282[] 
 []


Overfull \hbox (22.4968pt too wide) in paragraph at lines 1674--1674
[]    \OT1/cmtt/m/n/10 1.1033    1.8315    2.3237    4.0726    6.5672    2.8990    0.0126[] 
 []


Overfull \hbox (22.4968pt too wide) in paragraph at lines 1674--1674
[]    \OT1/cmtt/m/n/10 1.0000    1.0000    1.0000    1.0000    1.0000    1.0000    1.0000[] 
 []


Overfull \hbox (22.4968pt too wide) in paragraph at lines 1674--1674
[]    \OT1/cmtt/m/n/10 1.2891    0.0499    1.0156    0.5240    0.5576    4.2920    0.0521[] 
 []


Overfull \hbox (22.4968pt too wide) in paragraph at lines 1674--1674
[]    \OT1/cmtt/m/n/10 5.9896    1.7989    8.1326    0.0145    3.0062    1.2626    2.3733[] 
 []


Overfull \hbox (22.4968pt too wide) in paragraph at lines 1674--1674
[]    \OT1/cmtt/m/n/10 1.0000    1.0000    1.0000    1.0000    1.0000    1.0000    1.0000[] 
 []


Overfull \hbox (22.4968pt too wide) in paragraph at lines 1674--1674
[]    \OT1/cmtt/m/n/10 7.1610    1.3115    0.9166    0.2924    4.9685    5.9414    0.3963[] 
 []


Overfull \hbox (22.4968pt too wide) in paragraph at lines 1674--1674
[]    \OT1/cmtt/m/n/10 0.0318    7.7381    2.6253    0.0209    2.1740    2.0094    1.9776[] 
 []


Overfull \hbox (22.4968pt too wide) in paragraph at lines 1674--1674
[]    \OT1/cmtt/m/n/10 1.0000    1.0000    1.0000    1.0000    1.0000    1.0000    1.0000[] 
 []


Overfull \hbox (22.4968pt too wide) in paragraph at lines 1674--1674
[]    \OT1/cmtt/m/n/10 5.4429    0.0023    8.6212    5.5564    0.1587    2.3425    0.4830[] 
 []


Overfull \hbox (22.4968pt too wide) in paragraph at lines 1674--1674
[]    \OT1/cmtt/m/n/10 1.2271    1.4574    0.6933    0.4238    8.3015    0.3402    2.2836[] 
 []


Overfull \hbox (22.4968pt too wide) in paragraph at lines 1674--1674
[]    \OT1/cmtt/m/n/10 1.0000    1.0000    1.0000    1.0000    1.0000    1.0000    1.0000[] 
 []


Overfull \hbox (22.4968pt too wide) in paragraph at lines 1674--1674
[]    \OT1/cmtt/m/n/10 6.2341    2.7906    9.0390    1.2219    4.7375    1.6018    4.8440[] 
 []


Overfull \hbox (22.4968pt too wide) in paragraph at lines 1674--1674
[]    \OT1/cmtt/m/n/10 0.0028    0.0406    0.0238    2.0134    0.2740    5.7352    2.6829[] 
 []


Overfull \hbox (22.4968pt too wide) in paragraph at lines 1674--1674
[]    \OT1/cmtt/m/n/10 1.0000    1.0000    1.0000    1.0000    1.0000    1.0000    1.0000[] 
 []


Overfull \hbox (22.4968pt too wide) in paragraph at lines 1674--1674
[]    \OT1/cmtt/m/n/10 5.6150    0.3005    0.0990    4.9080    0.7133    7.3452    0.0743[] 
 []


Overfull \hbox (22.4968pt too wide) in paragraph at lines 1674--1674
[]    \OT1/cmtt/m/n/10 0.7404    0.0727    1.8889    2.8617    6.9650    0.9625    6.2162[] 
 []


Overfull \hbox (22.4968pt too wide) in paragraph at lines 1674--1674
[]    \OT1/cmtt/m/n/10 1.0000    1.0000    1.0000    1.0000    1.0000    1.0000    1.0000[] 
 []


Overfull \hbox (22.4968pt too wide) in paragraph at lines 1674--1674
[]    \OT1/cmtt/m/n/10 7.6126    5.5908    7.1439    7.0740    5.5512    8.0661    0.1392[] 
 []


Overfull \hbox (22.4968pt too wide) in paragraph at lines 1674--1674
[]    \OT1/cmtt/m/n/10 0.0005    0.2304    0.3943    0.1969    4.3621    0.8220    2.1974[] 
 []


Overfull \hbox (22.4968pt too wide) in paragraph at lines 1674--1674
[]    \OT1/cmtt/m/n/10 1.0000    1.0000    1.0000    1.0000    1.0000    1.0000    1.0000[] 
 []


Overfull \hbox (22.4968pt too wide) in paragraph at lines 1674--1674
[]    \OT1/cmtt/m/n/10 4.2366    7.2793    6.1652    5.6668    2.4464    3.1347    0.4079[] 
 []


Overfull \hbox (22.4968pt too wide) in paragraph at lines 1674--1674
[]    \OT1/cmtt/m/n/10 1.3283    0.3354    2.8969    0.4250    0.5877    0.1655    7.6487[] 
 []


Overfull \hbox (22.4968pt too wide) in paragraph at lines 1674--1674
[]    \OT1/cmtt/m/n/10 1.0000    1.0000    1.0000    1.0000    1.0000    1.0000    1.0000[] 
 []


Overfull \hbox (22.4968pt too wide) in paragraph at lines 1674--1674
[]    \OT1/cmtt/m/n/10 8.7645    0.3017    2.6403    6.7913    0.0029    0.9124    0.6750[] 
 []


Overfull \hbox (22.4968pt too wide) in paragraph at lines 1674--1674
[]    \OT1/cmtt/m/n/10 0.1589    2.8633    3.9306    0.3046    2.0437    1.5410    1.6221[] 
 []


Overfull \hbox (22.4968pt too wide) in paragraph at lines 1674--1674
[]    \OT1/cmtt/m/n/10 1.0000    1.0000    1.0000    1.0000    1.0000    1.0000    1.0000[] 
 []


Overfull \hbox (22.4968pt too wide) in paragraph at lines 1674--1674
[]    \OT1/cmtt/m/n/10 1.6553    0.0328    0.6875    0.3944    1.1486    1.6731    6.8524[] 
 []


Overfull \hbox (22.4968pt too wide) in paragraph at lines 1674--1674
[]    \OT1/cmtt/m/n/10 4.8297    1.9607   10.8298    2.5328    6.1438    0.4606    0.8154[] 
 []


Overfull \hbox (22.4968pt too wide) in paragraph at lines 1674--1674
[]    \OT1/cmtt/m/n/10 1.0000    1.0000    1.0000    1.0000    1.0000    1.0000    1.0000[] 
 []


Overfull \hbox (22.4968pt too wide) in paragraph at lines 1674--1674
[]    \OT1/cmtt/m/n/10 6.4980    1.4503    8.8988    3.5555    1.8561    3.3761    3.2910[] 
 []


Overfull \hbox (22.4968pt too wide) in paragraph at lines 1674--1674
[]    \OT1/cmtt/m/n/10 0.1438    0.5202    1.2813    6.8422    5.4174    3.6482    2.5965[] 
 []


Overfull \hbox (22.4968pt too wide) in paragraph at lines 1674--1674
[]    \OT1/cmtt/m/n/10 1.0000    1.0000    1.0000    1.0000    1.0000    1.0000    1.0000[] 
 []

[34]
Overfull \hbox (22.4968pt too wide) in paragraph at lines 1674--1674
[]    \OT1/cmtt/m/n/10 3.1998    0.0286    4.2140    0.4057    5.4028    8.0600    2.9822[] 
 []


Overfull \hbox (22.4968pt too wide) in paragraph at lines 1674--1674
[]    \OT1/cmtt/m/n/10 1.2540    0.6294    0.5627   10.0472    3.6269    1.4592    2.9171[] 
 []


Overfull \hbox (22.4968pt too wide) in paragraph at lines 1674--1674
[]    \OT1/cmtt/m/n/10 1.0000    1.0000    1.0000    1.0000    1.0000    1.0000    1.0000[] 
 []


Overfull \hbox (22.4968pt too wide) in paragraph at lines 1674--1674
[]    \OT1/cmtt/m/n/10 4.9801    3.5536    0.3155    4.1226    0.1332    7.3538    4.1743[] 
 []


Overfull \hbox (22.4968pt too wide) in paragraph at lines 1674--1674
[]    \OT1/cmtt/m/n/10 3.0546    3.6739    4.6753    1.4626    0.5683    0.6397    0.0006[] 
 []


Overfull \hbox (22.4968pt too wide) in paragraph at lines 1674--1674
[]    \OT1/cmtt/m/n/10 1.0000    1.0000    1.0000    1.0000    1.0000    1.0000    1.0000[] 
 []


Overfull \hbox (22.4968pt too wide) in paragraph at lines 1674--1674
[]    \OT1/cmtt/m/n/10 9.8980    1.2616    6.5065    2.1562    4.5062    3.0601    6.6651[] 
 []


Overfull \hbox (22.4968pt too wide) in paragraph at lines 1674--1674
[]    \OT1/cmtt/m/n/10 0.8700    7.6445    4.6663    3.1035    8.8189    0.2195    0.0020[] 
 []


Overfull \hbox (22.4968pt too wide) in paragraph at lines 1674--1674
[]    \OT1/cmtt/m/n/10 1.0000    1.0000    1.0000    1.0000    1.0000    1.0000    1.0000[] 
 []


Overfull \hbox (22.4968pt too wide) in paragraph at lines 1674--1674
[]    \OT1/cmtt/m/n/10 2.4130    3.3106    5.0809    8.4477    0.1056    5.3274    1.6167[] 
 []


Overfull \hbox (22.4968pt too wide) in paragraph at lines 1674--1674
[]    \OT1/cmtt/m/n/10 1.4773    9.3009    1.0203    1.0023    0.3336    0.0552    4.4646[] 
 []


Overfull \hbox (22.4968pt too wide) in paragraph at lines 1674--1674
[]    \OT1/cmtt/m/n/10 1.0000    1.0000    1.0000    1.0000    1.0000    1.0000    1.0000[] 
 []


Overfull \hbox (22.4968pt too wide) in paragraph at lines 1674--1674
[]    \OT1/cmtt/m/n/10 3.2076    0.1720    3.4954    1.0381    0.8508    7.7162    8.1550[] 
 []


Overfull \hbox (22.4968pt too wide) in paragraph at lines 1674--1674
[]    \OT1/cmtt/m/n/10 0.0027    4.8790    2.0623    9.4916    0.3710    1.5069    4.5372[] 
 []


Overfull \hbox (22.4968pt too wide) in paragraph at lines 1674--1674
[]    \OT1/cmtt/m/n/10 1.0000    1.0000    1.0000    1.0000    1.0000    1.0000    1.0000[] 
 []


Overfull \hbox (22.4968pt too wide) in paragraph at lines 1674--1674
[]    \OT1/cmtt/m/n/10 5.6648    5.8433    6.5747    0.0112    1.3326    2.5465    6.4892[] 
 []


Overfull \hbox (22.4968pt too wide) in paragraph at lines 1674--1674
[]    \OT1/cmtt/m/n/10 0.0721    2.0905    1.0323    6.4098    7.7570    4.7347    1.3464[] 
 []


Overfull \hbox (22.4968pt too wide) in paragraph at lines 1674--1674
[]    \OT1/cmtt/m/n/10 1.0000    1.0000    1.0000    1.0000    1.0000    1.0000    1.0000[] 
 []


Overfull \hbox (22.4968pt too wide) in paragraph at lines 1674--1674
[]    \OT1/cmtt/m/n/10 4.1409    0.2551    0.1537   10.6825    0.0702    1.1503    9.2119[] 
 []


Overfull \hbox (22.4968pt too wide) in paragraph at lines 1674--1674
[]    \OT1/cmtt/m/n/10 0.0108   10.7687    7.7427    0.0173    5.6698    1.2407    1.7851[] 
 []


Overfull \hbox (22.4968pt too wide) in paragraph at lines 1674--1674
[]    \OT1/cmtt/m/n/10 1.0000    1.0000    1.0000    1.0000    1.0000    1.0000    1.0000[] 
 []


Overfull \hbox (22.4968pt too wide) in paragraph at lines 1674--1674
[]    \OT1/cmtt/m/n/10 2.9677    6.8796    1.6091    0.2121    6.0315    5.2850    2.4828[] 
 []


Overfull \hbox (22.4968pt too wide) in paragraph at lines 1674--1674
[]    \OT1/cmtt/m/n/10 4.0431    6.3879    6.3351    7.1729    0.2784    0.3715    5.2828[] 
 []


Overfull \hbox (22.4968pt too wide) in paragraph at lines 1674--1674
[]    \OT1/cmtt/m/n/10 1.0000    1.0000    1.0000    1.0000    1.0000    1.0000    1.0000[] 
 []


Overfull \hbox (22.4968pt too wide) in paragraph at lines 1674--1674
[]    \OT1/cmtt/m/n/10 3.6604    0.1376    1.5317    0.7455    1.6282    0.3880    5.5300[] 
 []


Overfull \hbox (22.4968pt too wide) in paragraph at lines 1674--1674
[]    \OT1/cmtt/m/n/10 1.5764    3.0296    0.0048    0.1456    4.4254    5.3187    0.9325[] 
 []


Overfull \hbox (22.4968pt too wide) in paragraph at lines 1674--1674
[]    \OT1/cmtt/m/n/10 1.0000    1.0000    1.0000    1.0000    1.0000    1.0000    1.0000[] 
 []


Overfull \hbox (22.4968pt too wide) in paragraph at lines 1674--1674
[]   \OT1/cmtt/m/n/10 11.3117    3.1958    0.0036    3.6336    1.3538    1.3929    1.8989[] 
 []


Overfull \hbox (22.4968pt too wide) in paragraph at lines 1674--1674
[]    \OT1/cmtt/m/n/10 0.0000    2.1737    6.3987    0.0499    4.9423    0.0983    0.6092[] 
 []


Overfull \hbox (22.4968pt too wide) in paragraph at lines 1674--1674
[]    \OT1/cmtt/m/n/10 1.0000    1.0000    1.0000    1.0000    1.0000    1.0000    1.0000[] 
 []


Overfull \hbox (22.4968pt too wide) in paragraph at lines 1674--1674
[]    \OT1/cmtt/m/n/10 3.3229    5.3732    4.1800    1.1842    4.7804    5.2372    1.8523[] 
 []


Overfull \hbox (22.4968pt too wide) in paragraph at lines 1674--1674
[]    \OT1/cmtt/m/n/10 0.9273    1.6823   10.1414    3.9100    6.0097    1.6334    1.7595[] 
 []


Overfull \hbox (22.4968pt too wide) in paragraph at lines 1674--1674
[]    \OT1/cmtt/m/n/10 1.0000    1.0000    1.0000    1.0000    1.0000    1.0000    1.0000[] 
 []


Overfull \hbox (22.4968pt too wide) in paragraph at lines 1674--1674
[]    \OT1/cmtt/m/n/10 8.8299    3.3683    6.5889    0.6458    1.8007    0.1021    2.5297[] 
 []


Overfull \hbox (22.4968pt too wide) in paragraph at lines 1674--1674
[]    \OT1/cmtt/m/n/10 2.3258    2.1332    0.0000    3.1942    1.2070    0.0999    6.1463[] 
 []

[35]
Overfull \hbox (22.4968pt too wide) in paragraph at lines 1674--1674
[]    \OT1/cmtt/m/n/10 1.0000    1.0000    1.0000    1.0000    1.0000    1.0000    1.0000[] 
 []


Overfull \hbox (22.4968pt too wide) in paragraph at lines 1674--1674
[]    \OT1/cmtt/m/n/10 0.5343    3.3834    3.7450    6.1936    0.0012    0.0001    1.9205[] 
 []


Overfull \hbox (22.4968pt too wide) in paragraph at lines 1674--1674
[]   \OT1/cmtt/m/n/10 16.6949    9.9530    2.3407    0.5219    2.1776   11.7535    4.5585[] 
 []


Overfull \hbox (22.4968pt too wide) in paragraph at lines 1674--1674
[]    \OT1/cmtt/m/n/10 1.0000    1.0000    1.0000    1.0000    1.0000    1.0000    1.0000[] 
 []


Overfull \hbox (22.4968pt too wide) in paragraph at lines 1674--1674
[]    \OT1/cmtt/m/n/10 5.3025    0.3458    1.1496    5.0918    0.0201    1.0687    5.9716[] 
 []


Overfull \hbox (22.4968pt too wide) in paragraph at lines 1674--1674
[]    \OT1/cmtt/m/n/10 3.9468    3.9266    1.9950    0.8867    0.0349   15.1137    1.3721[] 
 []


Overfull \hbox (22.4968pt too wide) in paragraph at lines 1674--1674
[]    \OT1/cmtt/m/n/10 1.0000    1.0000    1.0000    1.0000    1.0000    1.0000    1.0000[] 
 []


Overfull \hbox (22.4968pt too wide) in paragraph at lines 1674--1674
[]    \OT1/cmtt/m/n/10 4.8748    8.2048    0.0108    0.0123    1.3689    3.1620    6.6369[] 
 []


Overfull \hbox (22.4968pt too wide) in paragraph at lines 1674--1674
[]    \OT1/cmtt/m/n/10 3.0500    0.8415    0.9026   16.9698    1.3925    4.3026    0.1076[] 
 []


Overfull \hbox (22.4968pt too wide) in paragraph at lines 1674--1674
[]    \OT1/cmtt/m/n/10 1.0000    1.0000    1.0000    1.0000    1.0000    1.0000    1.0000[] 
 []


Overfull \hbox (22.4968pt too wide) in paragraph at lines 1674--1674
[]    \OT1/cmtt/m/n/10 4.3619    6.3227    1.3012    4.6487    6.7621    4.8859    4.5539[] 
 []


Overfull \hbox (22.4968pt too wide) in paragraph at lines 1674--1674
[]    \OT1/cmtt/m/n/10 6.5856    0.1169    2.8650    3.7568    1.3056    0.4315    9.3920[] 
 []


Overfull \hbox (22.4968pt too wide) in paragraph at lines 1674--1674
[]    \OT1/cmtt/m/n/10 1.0000    1.0000    1.0000    1.0000    1.0000    1.0000    1.0000[] 
 []


Overfull \hbox (22.4968pt too wide) in paragraph at lines 1674--1674
[]    \OT1/cmtt/m/n/10 8.9096    6.8696    8.5973    6.2685    0.0110    4.0743    1.6760[] 
 []


Overfull \hbox (22.4968pt too wide) in paragraph at lines 1674--1674
[]    \OT1/cmtt/m/n/10 0.0000    2.0559    7.6710    2.1912    9.6295    1.9708    0.0625[] 
 []


Overfull \hbox (22.4968pt too wide) in paragraph at lines 1674--1674
[]    \OT1/cmtt/m/n/10 1.0000    1.0000    1.0000    1.0000    1.0000    1.0000    1.0000[] 
 []


Overfull \hbox (22.4968pt too wide) in paragraph at lines 1674--1674
[]    \OT1/cmtt/m/n/10 0.7510    0.0000    1.3255    5.4742    2.4876    0.8323   10.4698[] 
 []


Overfull \hbox (22.4968pt too wide) in paragraph at lines 1674--1674
[]    \OT1/cmtt/m/n/10 1.7396   12.3718    4.1277    3.2865    0.6141    0.5463    1.0325[] 
 []


Overfull \hbox (22.4968pt too wide) in paragraph at lines 1674--1674
[]    \OT1/cmtt/m/n/10 1.0000    1.0000    1.0000    1.0000    1.0000    1.0000    1.0000[] 
 []


Overfull \hbox (22.4968pt too wide) in paragraph at lines 1674--1674
[]    \OT1/cmtt/m/n/10 1.5607    0.2719    3.9160    0.7648    0.0186    0.3674    0.0010[] 
 []


Overfull \hbox (22.4968pt too wide) in paragraph at lines 1674--1674
[]   \OT1/cmtt/m/n/10 13.6099    5.1837    4.5534    3.0160    4.8595   11.4093    3.4527[] 
 []


Overfull \hbox (22.4968pt too wide) in paragraph at lines 1674--1674
[]    \OT1/cmtt/m/n/10 1.0000    1.0000    1.0000    1.0000    1.0000    1.0000    1.0000[] 
 []


Overfull \hbox (22.4968pt too wide) in paragraph at lines 1674--1674
[]    \OT1/cmtt/m/n/10 1.3706    0.6691    0.4361    0.3353    2.1922    4.4075    1.6300[] 
 []


Overfull \hbox (22.4968pt too wide) in paragraph at lines 1674--1674
[]   \OT1/cmtt/m/n/10 11.4084    9.0519    2.5273    3.8930    4.0972    0.3381    6.9330[] 
 []


Overfull \hbox (22.4968pt too wide) in paragraph at lines 1674--1674
[]    \OT1/cmtt/m/n/10 1.0000    1.0000    1.0000    1.0000    1.0000    1.0000    1.0000[] 
 []


Overfull \hbox (22.4968pt too wide) in paragraph at lines 1674--1674
[]    \OT1/cmtt/m/n/10 1.1122    2.4451    7.3252    0.2287    0.0878    0.2238    7.7730[] 
 []


Overfull \hbox (22.4968pt too wide) in paragraph at lines 1674--1674
[]    \OT1/cmtt/m/n/10 0.1676    8.2360    1.2388    7.2860    0.7704    7.6450    0.2362[] 
 []


Overfull \hbox (22.4968pt too wide) in paragraph at lines 1674--1674
[]    \OT1/cmtt/m/n/10 1.0000    1.0000    1.0000    1.0000    1.0000    1.0000    1.0000[] 
 []


Overfull \hbox (22.4968pt too wide) in paragraph at lines 1674--1674
[]    \OT1/cmtt/m/n/10 1.0986    5.2140    5.1067    0.0005    7.6016    0.0000    7.5857[] 
 []


Overfull \hbox (22.4968pt too wide) in paragraph at lines 1674--1674
[]    \OT1/cmtt/m/n/10 0.0202    0.0242    0.0485    9.6276    0.1082    9.8877    2.1504[] 
 []


Overfull \hbox (22.4968pt too wide) in paragraph at lines 1674--1674
[]    \OT1/cmtt/m/n/10 1.0000    1.0000    1.0000    1.0000    1.0000    1.0000    1.0000[] 
 []


Overfull \hbox (22.4968pt too wide) in paragraph at lines 1674--1674
[]    \OT1/cmtt/m/n/10 7.4878    0.1667    4.7503    2.6719    0.2809    2.3620    4.5647[] 
 []


Overfull \hbox (22.4968pt too wide) in paragraph at lines 1674--1674
[]    \OT1/cmtt/m/n/10 0.0176    4.4518    7.5479    3.1058    0.3833    4.3191    1.9251[] 
 []


Overfull \hbox (22.4968pt too wide) in paragraph at lines 1674--1674
[]    \OT1/cmtt/m/n/10 1.0000    1.0000    1.0000    1.0000    1.0000    1.0000    1.0000[] 
 []

[36]
Overfull \hbox (22.4968pt too wide) in paragraph at lines 1674--1674
[]    \OT1/cmtt/m/n/10 2.8998    7.4644    0.2893    0.1681    1.7753    5.1044    0.2606[] 
 []


Overfull \hbox (22.4968pt too wide) in paragraph at lines 1674--1674
[]    \OT1/cmtt/m/n/10 0.8650    0.3004    1.4217    1.1852    9.2755    4.3433    9.8548[] 
 []


Overfull \hbox (22.4968pt too wide) in paragraph at lines 1674--1674
[]    \OT1/cmtt/m/n/10 1.0000    1.0000    1.0000    1.0000    1.0000    1.0000    1.0000[] 
 []


Overfull \hbox (22.4968pt too wide) in paragraph at lines 1674--1674
[]    \OT1/cmtt/m/n/10 0.0201    6.8174    0.8333    1.5346    4.3648    9.7868    3.4663[] 
 []


Overfull \hbox (22.4968pt too wide) in paragraph at lines 1674--1674
[]    \OT1/cmtt/m/n/10 5.0496    3.0180    0.0744    9.7365    1.0984    1.3429    0.1698[] 
 []


Overfull \hbox (22.4968pt too wide) in paragraph at lines 1674--1674
[]    \OT1/cmtt/m/n/10 1.0000    1.0000    1.0000    1.0000    1.0000    1.0000    1.0000[] 
 []


Overfull \hbox (22.4968pt too wide) in paragraph at lines 1674--1674
[]    \OT1/cmtt/m/n/10 4.0486    6.8341    3.6176    3.0555    0.2889    0.0526    1.4964[] 
 []


Overfull \hbox (22.4968pt too wide) in paragraph at lines 1674--1674
[]    \OT1/cmtt/m/n/10 4.9140    0.2227    5.2311    2.9599    4.5828    2.4515    0.3429[] 
 []


Overfull \hbox (22.4968pt too wide) in paragraph at lines 1674--1674
[]    \OT1/cmtt/m/n/10 1.0000    1.0000    1.0000    1.0000    1.0000    1.0000    1.0000[] 
 []

LaTeX Font Info:    Trying to load font information for OMS+cmr on input line 1676.
(C:\Users\josep\AppData\Local\Programs\MiKTeX\tex/latex/base\omscmr.fd
File: omscmr.fd 2019/12/16 v2.5j Standard LaTeX font definitions
)
LaTeX Font Info:    Font shape `OMS/cmr/m/n' in size <10> not available
(Font)              Font shape `OMS/cmsy/m/n' tried instead on input line 1676.
Package epstopdf Info: Source file: <hw15_03.eps>
(epstopdf)                    date: 2021-06-28 17:10:49
(epstopdf)                    size: 477664 bytes
(epstopdf)             Output file: <hw15_03-eps-converted-to.pdf>
(epstopdf)                    date: 2021-06-28 17:11:35
(epstopdf)                    size: 184787 bytes
(epstopdf)             Command: <epstopdf --outfile=hw15_03-eps-converted-to.pdf hw15_03.eps>
(epstopdf)             \includegraphics on input line 1686.
Package epstopdf Info: Output file is already uptodate.


pdfTeX warning: pdflatex (file c:/Users/josep/OneDrive/Documents/GitHub/Matlab_store/Courses/Amsc460/HW/Hw15/html/hw15_03-eps-converted-to.pdf): PDF inclusion: found PDF version <1.7>, but at most version <1.5> allowed
<hw15_03-eps-converted-to.pdf, id=136, 422.57875pt x 317.185pt>
File: hw15_03-eps-converted-to.pdf Graphic file (type pdf)
<use hw15_03-eps-converted-to.pdf>
Package pdftex.def Info: hw15_03-eps-converted-to.pdf  used on input line 1686.
(pdftex.def)             Requested size: 289.07999pt x 216.98485pt.
[37] [38 <c:/Users/josep/OneDrive/Documents/GitHub/Matlab_store/Courses/Amsc460/HW/Hw15/html/hw15_03-eps-converted-to.pdf>] [39] [40] [41] [42] [43] [44] [45] [46] [47] [48] [49] [50] [51] [52] [53] [54] [55] [56] [57] [58] [59] [60] (c:/Users\josep\OneDrive\Documents\GitHub\Matlab_store\Courses\Amsc460\HW\Hw15\html\hw15.aux) ) 
Here is how much of TeX's memory you used:
 1265 strings out of 479696
 20489 string characters out of 2867136
 333579 words of memory out of 3000000
 18391 multiletter control sequences out of 15000+200000
 405465 words of font info for 34 fonts, out of 3000000 for 9000
 1141 hyphenation exceptions out of 8191
 66i,6n,72p,453b,263s stack positions out of 5000i,500n,10000p,200000b,50000s
 <C:\Users\josep\AppData\Local\MiKTeX\fonts/pk/ljfour/jknappen/ec/dpi600\tcrm1000.pk><C:/Users/josep/AppData/Local/Programs/MiKTeX/fonts/type1/public/amsfonts/cm/cmbx10.pfb><C:/Users/josep/AppData/Local/Programs/MiKTeX/fonts/type1/public/amsfonts/cm/cmbx12.pfb><C:/Users/josep/AppData/Local/Programs/MiKTeX/fonts/type1/public/amsfonts/cm/cmmi10.pfb><C:/Users/josep/AppData/Local/Programs/MiKTeX/fonts/type1/public/amsfonts/cm/cmmi7.pfb><C:/Users/josep/AppData/Local/Programs/MiKTeX/fonts/type1/public/amsfonts/cm/cmr10.pfb><C:/Users/josep/AppData/Local/Programs/MiKTeX/fonts/type1/public/amsfonts/cm/cmr7.pfb><C:/Users/josep/AppData/Local/Programs/MiKTeX/fonts/type1/public/amsfonts/cm/cmsy10.pfb><C:/Users/josep/AppData/Local/Programs/MiKTeX/fonts/type1/public/amsfonts/cm/cmtt10.pfb>
Output written on c:/Users\josep\OneDrive\Documents\GitHub\Matlab_store\Courses\Amsc460\HW\Hw15\html\hw15.pdf (60 pages, 402016 bytes).
PDF statistics:
 253 PDF objects out of 1000 (max. 8388607)
 0 named destinations out of 1000 (max. 500000)
 16 words of extra memory for PDF output out of 10000 (max. 10000000)

