This is pdfTeX, Version 3.14159265-2.6-1.40.21 (MiKTeX 20.12) (preloaded format=pdflatex 2021.1.25)  7 JUL 2021 23:45
entering extended mode
**c:/Users/josep/OneDrive/Documents/GitHub/Matlab_store/Courses/Amsc460/HW/HW21/html/hw21.tex
(c:/Users/josep/OneDrive/Documents/GitHub/Matlab_store/Courses/Amsc460/HW/HW21/html/hw21.tex
LaTeX2e <2020-10-01> patch level 2
L3 programming layer <2020-12-07> xparse <2020-03-03> (C:\Users\josep\AppData\Local\Programs\MiKTeX\tex/latex/base\article.cls
Document Class: article 2020/04/10 v1.4m Standard LaTeX document class
(C:\Users\josep\AppData\Local\Programs\MiKTeX\tex/latex/base\size10.clo
File: size10.clo 2020/04/10 v1.4m Standard LaTeX file (size option)
)
\c@part=\count177
\c@section=\count178
\c@subsection=\count179
\c@subsubsection=\count180
\c@paragraph=\count181
\c@subparagraph=\count182
\c@figure=\count183
\c@table=\count184
\abovecaptionskip=\skip47
\belowcaptionskip=\skip48
\bibindent=\dimen138
) (C:\Users\josep\AppData\Local\Programs\MiKTeX\tex/latex/graphics\graphicx.sty
Package: graphicx 2020/09/09 v1.2b Enhanced LaTeX Graphics (DPC,SPQR)
 (C:\Users\josep\AppData\Local\Programs\MiKTeX\tex/latex/graphics\keyval.sty
Package: keyval 2014/10/28 v1.15 key=value parser (DPC)
\KV@toks@=\toks15
) (C:\Users\josep\AppData\Local\Programs\MiKTeX\tex/latex/graphics\graphics.sty
Package: graphics 2020/08/30 v1.4c Standard LaTeX Graphics (DPC,SPQR)
 (C:\Users\josep\AppData\Local\Programs\MiKTeX\tex/latex/graphics\trig.sty
Package: trig 2016/01/03 v1.10 sin cos tan (DPC)
) (C:\Users\josep\AppData\Local\Programs\MiKTeX\tex/latex/graphics-cfg\graphics.cfg
File: graphics.cfg 2016/06/04 v1.11 sample graphics configuration
)
Package graphics Info: Driver file: pdftex.def on input line 105.
 (C:\Users\josep\AppData\Local\Programs\MiKTeX\tex/latex/graphics-def\pdftex.def
File: pdftex.def 2020/10/05 v1.2a Graphics/color driver for pdftex
))
\Gin@req@height=\dimen139
\Gin@req@width=\dimen140
) (C:\Users\josep\AppData\Local\Programs\MiKTeX\tex/latex/graphics\color.sty
Package: color 2020/02/24 v1.2b Standard LaTeX Color (DPC)
 (C:\Users\josep\AppData\Local\Programs\MiKTeX\tex/latex/graphics-cfg\color.cfg
File: color.cfg 2016/01/02 v1.6 sample color configuration
)
Package color Info: Driver file: pdftex.def on input line 147.
) (C:\Users\josep\AppData\Local\Programs\MiKTeX\tex/latex/l3backend\l3backend-pdftex.def
File: l3backend-pdftex.def 2020-09-24 L3 backend support: PDF output (pdfTeX)
\l__kernel_color_stack_int=\count185
\l__pdf_internal_box=\box47
) (c:/Users\josep\OneDrive\Documents\GitHub\Matlab_store\Courses\Amsc460\HW\HW21\html\hw21.aux)
\openout1 = `hw21.aux'.

LaTeX Font Info:    Checking defaults for OML/cmm/m/it on input line 13.
LaTeX Font Info:    ... okay on input line 13.
LaTeX Font Info:    Checking defaults for OMS/cmsy/m/n on input line 13.
LaTeX Font Info:    ... okay on input line 13.
LaTeX Font Info:    Checking defaults for OT1/cmr/m/n on input line 13.
LaTeX Font Info:    ... okay on input line 13.
LaTeX Font Info:    Checking defaults for T1/cmr/m/n on input line 13.
LaTeX Font Info:    ... okay on input line 13.
LaTeX Font Info:    Checking defaults for TS1/cmr/m/n on input line 13.
LaTeX Font Info:    ... okay on input line 13.
LaTeX Font Info:    Checking defaults for OMX/cmex/m/n on input line 13.
LaTeX Font Info:    ... okay on input line 13.
LaTeX Font Info:    Checking defaults for U/cmr/m/n on input line 13.
LaTeX Font Info:    ... okay on input line 13.
 (C:\Users\josep\AppData\Local\Programs\MiKTeX\tex/context/base/mkii\supp-pdf.mkii
[Loading MPS to PDF converter (version 2006.09.02).]
\scratchcounter=\count186
\scratchdimen=\dimen141
\scratchbox=\box48
\nofMPsegments=\count187
\nofMParguments=\count188
\everyMPshowfont=\toks16
\MPscratchCnt=\count189
\MPscratchDim=\dimen142
\MPnumerator=\count190
\makeMPintoPDFobject=\count191
\everyMPtoPDFconversion=\toks17
) (C:\Users\josep\AppData\Local\Programs\MiKTeX\tex/latex/epstopdf-pkg\epstopdf-base.sty
Package: epstopdf-base 2020-01-24 v2.11 Base part for package epstopdf
Package epstopdf-base Info: Redefining graphics rule for `.eps' on input line 485.
)
LaTeX Font Info:    External font `cmex10' loaded for size
(Font)              <7> on input line 37.
LaTeX Font Info:    External font `cmex10' loaded for size
(Font)              <5> on input line 37.
Package epstopdf Info: Source file: <hw21_01.eps>
(epstopdf)                    date: 2021-07-07 23:45:13
(epstopdf)                    size: 12816157 bytes
(epstopdf)             Output file: <hw21_01-eps-converted-to.pdf>
(epstopdf)                    date: 2021-07-07 23:45:29
(epstopdf)                    size: 496071 bytes
(epstopdf)             Command: <epstopdf --outfile=hw21_01-eps-converted-to.pdf hw21_01.eps>
(epstopdf)             \includegraphics on input line 43.
Package epstopdf Info: Output file is already uptodate.


pdfTeX warning: pdflatex (file c:/Users/josep/OneDrive/Documents/GitHub/Matlab_store/Courses/Amsc460/HW/HW21/html/hw21_01-eps-converted-to.pdf): PDF inclusion: found PDF version <1.7>, but at most version <1.5> allowed
<hw21_01-eps-converted-to.pdf, id=1, 876.27374pt x 543.02875pt>
File: hw21_01-eps-converted-to.pdf Graphic file (type pdf)
<use hw21_01-eps-converted-to.pdf>
Package pdftex.def Info: hw21_01-eps-converted-to.pdf  used on input line 43.
(pdftex.def)             Requested size: 289.07999pt x 179.14203pt.
[1

{C:/Users/josep/AppData/Local/MiKTeX/pdftex/config/pdftex.map} <c:/Users/josep/OneDrive/Documents/GitHub/Matlab_store/Courses/Amsc460/HW/HW21/html/hw21_01-eps-converted-to.pdf>] (c:/Users\josep\OneDrive\Documents\GitHub\Matlab_store\Courses\Amsc460\HW\HW21\html\hw21.aux) ) 
Here is how much of TeX's memory you used:
 1228 strings out of 479696
 19724 string characters out of 2867136
 289892 words of memory out of 3000000
 18362 multiletter control sequences out of 15000+200000
 404538 words of font info for 31 fonts, out of 3000000 for 9000
 1141 hyphenation exceptions out of 8191
 66i,5n,72p,498b,153s stack positions out of 5000i,500n,10000p,200000b,50000s

!pdfTeX error: pdflatex (file tcrm1000): Font tcrm1000 at 600 not found
 ==> Fatal error occurred, no output PDF file produced!
