This is pdfTeX, Version 3.14159265-2.6-1.40.21 (MiKTeX 20.12) (preloaded format=pdflatex 2021.1.25)  21 JUN 2021 19:54
entering extended mode
**c:/Users/josep/OneDrive/Documents/GitHub/Matlab_store/Courses/Amsc460/HW/HW11/html/hw11.tex
(c:/Users/josep/OneDrive/Documents/GitHub/Matlab_store/Courses/Amsc460/HW/HW11/html/hw11.tex
LaTeX2e <2020-10-01> patch level 2
L3 programming layer <2020-12-07> xparse <2020-03-03> (C:\Users\josep\AppData\Local\Programs\MiKTeX\tex/latex/base\article.cls
Document Class: article 2020/04/10 v1.4m Standard LaTeX document class
(C:\Users\josep\AppData\Local\Programs\MiKTeX\tex/latex/base\size10.clo
File: size10.clo 2020/04/10 v1.4m Standard LaTeX file (size option)
)
\c@part=\count177
\c@section=\count178
\c@subsection=\count179
\c@subsubsection=\count180
\c@paragraph=\count181
\c@subparagraph=\count182
\c@figure=\count183
\c@table=\count184
\abovecaptionskip=\skip47
\belowcaptionskip=\skip48
\bibindent=\dimen138
) (C:\Users\josep\AppData\Local\Programs\MiKTeX\tex/latex/graphics\graphicx.sty
Package: graphicx 2020/09/09 v1.2b Enhanced LaTeX Graphics (DPC,SPQR)
 (C:\Users\josep\AppData\Local\Programs\MiKTeX\tex/latex/graphics\keyval.sty
Package: keyval 2014/10/28 v1.15 key=value parser (DPC)
\KV@toks@=\toks15
) (C:\Users\josep\AppData\Local\Programs\MiKTeX\tex/latex/graphics\graphics.sty
Package: graphics 2020/08/30 v1.4c Standard LaTeX Graphics (DPC,SPQR)
 (C:\Users\josep\AppData\Local\Programs\MiKTeX\tex/latex/graphics\trig.sty
Package: trig 2016/01/03 v1.10 sin cos tan (DPC)
) (C:\Users\josep\AppData\Local\Programs\MiKTeX\tex/latex/graphics-cfg\graphics.cfg
File: graphics.cfg 2016/06/04 v1.11 sample graphics configuration
)
Package graphics Info: Driver file: pdftex.def on input line 105.
 (C:\Users\josep\AppData\Local\Programs\MiKTeX\tex/latex/graphics-def\pdftex.def
File: pdftex.def 2020/10/05 v1.2a Graphics/color driver for pdftex
))
\Gin@req@height=\dimen139
\Gin@req@width=\dimen140
) (C:\Users\josep\AppData\Local\Programs\MiKTeX\tex/latex/graphics\color.sty
Package: color 2020/02/24 v1.2b Standard LaTeX Color (DPC)
 (C:\Users\josep\AppData\Local\Programs\MiKTeX\tex/latex/graphics-cfg\color.cfg
File: color.cfg 2016/01/02 v1.6 sample color configuration
)
Package color Info: Driver file: pdftex.def on input line 147.
) (C:\Users\josep\AppData\Local\Programs\MiKTeX\tex/latex/l3backend\l3backend-pdftex.def
File: l3backend-pdftex.def 2020-09-24 L3 backend support: PDF output (pdfTeX)
\l__kernel_color_stack_int=\count185
\l__pdf_internal_box=\box47
) (c:/Users\josep\OneDrive\Documents\GitHub\Matlab_store\Courses\Amsc460\HW\HW11\html\hw11.aux)
\openout1 = `hw11.aux'.

LaTeX Font Info:    Checking defaults for OML/cmm/m/it on input line 13.
LaTeX Font Info:    ... okay on input line 13.
LaTeX Font Info:    Checking defaults for OMS/cmsy/m/n on input line 13.
LaTeX Font Info:    ... okay on input line 13.
LaTeX Font Info:    Checking defaults for OT1/cmr/m/n on input line 13.
LaTeX Font Info:    ... okay on input line 13.
LaTeX Font Info:    Checking defaults for T1/cmr/m/n on input line 13.
LaTeX Font Info:    ... okay on input line 13.
LaTeX Font Info:    Checking defaults for TS1/cmr/m/n on input line 13.
LaTeX Font Info:    ... okay on input line 13.
LaTeX Font Info:    Checking defaults for OMX/cmex/m/n on input line 13.
LaTeX Font Info:    ... okay on input line 13.
LaTeX Font Info:    Checking defaults for U/cmr/m/n on input line 13.
LaTeX Font Info:    ... okay on input line 13.
 (C:\Users\josep\AppData\Local\Programs\MiKTeX\tex/context/base/mkii\supp-pdf.mkii
[Loading MPS to PDF converter (version 2006.09.02).]
\scratchcounter=\count186
\scratchdimen=\dimen141
\scratchbox=\box48
\nofMPsegments=\count187
\nofMParguments=\count188
\everyMPshowfont=\toks16
\MPscratchCnt=\count189
\MPscratchDim=\dimen142
\MPnumerator=\count190
\makeMPintoPDFobject=\count191
\everyMPtoPDFconversion=\toks17
) (C:\Users\josep\AppData\Local\Programs\MiKTeX\tex/latex/epstopdf-pkg\epstopdf-base.sty
Package: epstopdf-base 2020-01-24 v2.11 Base part for package epstopdf
Package epstopdf-base Info: Redefining graphics rule for `.eps' on input line 485.
)

c:/Users/josep/OneDrive/Documents/GitHub/Matlab_store/Courses/Amsc460/HW/HW11/html/hw11.tex:23: Package inputenc Error: Unicode character ï¼‰ (U+FF09)
(inputenc)                not set up for use with LaTeX.

See the inputenc package documentation for explanation.
Type  H <return>  for immediate help.
 ...                                              
                                                  
l.23    \item Problem 2 (WThï¼‰
                               
You may provide a definition with
\DeclareUnicodeCharacter 


c:/Users/josep/OneDrive/Documents/GitHub/Matlab_store/Courses/Amsc460/HW/HW11/html/hw11.tex:50: Package inputenc Error: Unicode character ï¼‰ (U+FF09)
(inputenc)                not set up for use with LaTeX.

See the inputenc package documentation for explanation.
Type  H <return>  for immediate help.
 ...                                              
                                                  
l.50 \subsection*{Problem 2 (WThï¼‰}
                                    
You may provide a definition with
\DeclareUnicodeCharacter 

LaTeX Font Info:    External font `cmex10' loaded for size
(Font)              <7> on input line 53.
LaTeX Font Info:    External font `cmex10' loaded for size
(Font)              <5> on input line 53.

c:/Users/josep/OneDrive/Documents/GitHub/Matlab_store/Courses/Amsc460/HW/HW11/html/hw11.tex:53: Package inputenc Error: Unicode character Î± (U+03B1)
(inputenc)                not set up for use with LaTeX.

See the inputenc package documentation for explanation.
Type  H <return>  for immediate help.
 ...                                              
                                                  
l.53 ...aling the x values by letting zi = xi - Î±
                                                  /Î² where Î± and Î² are gi...
You may provide a definition with
\DeclareUnicodeCharacter 


c:/Users/josep/OneDrive/Documents/GitHub/Matlab_store/Courses/Amsc460/HW/HW11/html/hw11.tex:53: Package inputenc Error: Unicode character Î² (U+03B2)
(inputenc)                not set up for use with LaTeX.

See the inputenc package documentation for explanation.
Type  H <return>  for immediate help.
 ...                                              
                                                  
l.53 ...ng the x values by letting zi = xi - Î±/Î²
                                                   where Î± and Î² are given...
You may provide a definition with
\DeclareUnicodeCharacter 


c:/Users/josep/OneDrive/Documents/GitHub/Matlab_store/Courses/Amsc460/HW/HW11/html/hw11.tex:53: Package inputenc Error: Unicode character Î± (U+03B1)
(inputenc)                not set up for use with LaTeX.

See the inputenc package documentation for explanation.
Type  H <return>  for immediate help.
 ...                                              
                                                  
l.53 ...values by letting zi = xi - Î±/Î² where Î±
                                                   and Î² are given numbers ...
You may provide a definition with
\DeclareUnicodeCharacter 


c:/Users/josep/OneDrive/Documents/GitHub/Matlab_store/Courses/Amsc460/HW/HW11/html/hw11.tex:53: Package inputenc Error: Unicode character Î² (U+03B2)
(inputenc)                not set up for use with LaTeX.

See the inputenc package documentation for explanation.
Type  H <return>  for immediate help.
 ...                                              
                                                  
l.53 ...by letting zi = xi - Î±/Î² where Î± and Î²
                                                   are given numbers with Î²...
You may provide a definition with
\DeclareUnicodeCharacter 


c:/Users/josep/OneDrive/Documents/GitHub/Matlab_store/Courses/Amsc460/HW/HW11/html/hw11.tex:53: Package inputenc Error: Unicode character Î² (U+03B2)
(inputenc)                not set up for use with LaTeX.

See the inputenc package documentation for explanation.
Type  H <return>  for immediate help.
 ...                                              
                                                  
l.53 ... where Î± and Î² are given numbers with Î²
                                                   \ensuremath{>} 0. The dat...
You may provide a definition with
\DeclareUnicodeCharacter 


c:/Users/josep/OneDrive/Documents/GitHub/Matlab_store/Courses/Amsc460/HW/HW11/html/hw11.tex:56: Package inputenc Error: Unicode character â‰¤ (U+2264)
(inputenc)                not set up for use with LaTeX.

See the inputenc package documentation for explanation.
Type  H <return>  for immediate help.
 ...                                              
                                                  
l.56 (a) The original data interval is x0 â‰¤
                                              x â‰¤ xn. What is the data int...
You may provide a definition with
\DeclareUnicodeCharacter 


c:/Users/josep/OneDrive/Documents/GitHub/Matlab_store/Courses/Amsc460/HW/HW11/html/hw11.tex:56: Package inputenc Error: Unicode character â‰¤ (U+2264)
(inputenc)                not set up for use with LaTeX.

See the inputenc package documentation for explanation.
Type  H <return>  for immediate help.
 ...                                              
                                                  
l.56 ...The original data interval is x0 â‰¤ x â‰¤
                                                   xn. What is the data inte...
You may provide a definition with
\DeclareUnicodeCharacter 


c:/Users/josep/OneDrive/Documents/GitHub/Matlab_store/Courses/Amsc460/HW/HW11/html/hw11.tex:56: Package inputenc Error: Unicode character âˆ’ (U+2212)
(inputenc)                not set up for use with LaTeX.

See the inputenc package documentation for explanation.
Type  H <return>  for immediate help.
 ...                                              
                                                  
l.56 ...is the data interval when using z = (x âˆ’
                                                   Î±)/Î²? What matrix equat...
You may provide a definition with
\DeclareUnicodeCharacter 


c:/Users/josep/OneDrive/Documents/GitHub/Matlab_store/Courses/Amsc460/HW/HW11/html/hw11.tex:56: Package inputenc Error: Unicode character Î± (U+03B1)
(inputenc)                not set up for use with LaTeX.

See the inputenc package documentation for explanation.
Type  H <return>  for immediate help.
 ...                                              
                                                  
l.56 ...the data interval when using z = (x âˆ’ Î±
                                                  )/Î²? What matrix equation...
You may provide a definition with
\DeclareUnicodeCharacter 


c:/Users/josep/OneDrive/Documents/GitHub/Matlab_store/Courses/Amsc460/HW/HW11/html/hw11.tex:56: Package inputenc Error: Unicode character Î² (U+03B2)
(inputenc)                not set up for use with LaTeX.

See the inputenc package documentation for explanation.
Type  H <return>  for immediate help.
 ...                                              
                                                  
l.56 ...data interval when using z = (x âˆ’ Î±)/Î²
                                                  ? What matrix equation mus...
You may provide a definition with
\DeclareUnicodeCharacter 


c:/Users/josep/OneDrive/Documents/GitHub/Matlab_store/Courses/Amsc460/HW/HW11/html/hw11.tex:59: Package inputenc Error: Unicode character âˆ’ (U+2212)
(inputenc)                not set up for use with LaTeX.

See the inputenc package documentation for explanation.
Type  H <return>  for immediate help.
 ...                                              
                                                  
l.59 z = (x âˆ’
                Î±)/Î²
You may provide a definition with
\DeclareUnicodeCharacter 


c:/Users/josep/OneDrive/Documents/GitHub/Matlab_store/Courses/Amsc460/HW/HW11/html/hw11.tex:59: Package inputenc Error: Unicode character Î± (U+03B1)
(inputenc)                not set up for use with LaTeX.

See the inputenc package documentation for explanation.
Type  H <return>  for immediate help.
 ...                                              
                                                  
l.59 z = (x âˆ’ Î±
                  )/Î²
You may provide a definition with
\DeclareUnicodeCharacter 


c:/Users/josep/OneDrive/Documents/GitHub/Matlab_store/Courses/Amsc460/HW/HW11/html/hw11.tex:59: Package inputenc Error: Unicode character Î² (U+03B2)
(inputenc)                not set up for use with LaTeX.

See the inputenc package documentation for explanation.
Type  H <return>  for immediate help.
 ...                                              
                                                  
l.59 z = (x âˆ’ Î±)/Î²
                      
You may provide a definition with
\DeclareUnicodeCharacter 


c:/Users/josep/OneDrive/Documents/GitHub/Matlab_store/Courses/Amsc460/HW/HW11/html/hw11.tex:65: Package inputenc Error: Unicode character âˆ’ (U+2212)
(inputenc)                not set up for use with LaTeX.

See the inputenc package documentation for explanation.
Type  H <return>  for immediate help.
 ...                                              
                                                  
l.65 ... that the new data interval is instead âˆ’
                                                  1 â‰¤ z â‰¤ 1. What must Î...
You may provide a definition with
\DeclareUnicodeCharacter 


c:/Users/josep/OneDrive/Documents/GitHub/Matlab_store/Courses/Amsc460/HW/HW11/html/hw11.tex:65: Package inputenc Error: Unicode character â‰¤ (U+2264)
(inputenc)                not set up for use with LaTeX.

See the inputenc package documentation for explanation.
Type  H <return>  for immediate help.
 ...                                              
                                                  
l.65 ... the new data interval is instead âˆ’1 â‰¤
                                                   z â‰¤ 1. What must Î± and...
You may provide a definition with
\DeclareUnicodeCharacter 


c:/Users/josep/OneDrive/Documents/GitHub/Matlab_store/Courses/Amsc460/HW/HW11/html/hw11.tex:65: Package inputenc Error: Unicode character â‰¤ (U+2264)
(inputenc)                not set up for use with LaTeX.

See the inputenc package documentation for explanation.
Type  H <return>  for immediate help.
 ...                                              
                                                  
l.65 ...ew data interval is instead âˆ’1 â‰¤ z â‰¤
                                                   1. What must Î± and Î² be...
You may provide a definition with
\DeclareUnicodeCharacter 


c:/Users/josep/OneDrive/Documents/GitHub/Matlab_store/Courses/Amsc460/HW/HW11/html/hw11.tex:65: Package inputenc Error: Unicode character Î± (U+03B1)
(inputenc)                not set up for use with LaTeX.

See the inputenc package documentation for explanation.
Type  H <return>  for immediate help.
 ...                                              
                                                  
l.65 ... is instead âˆ’1 â‰¤ z â‰¤ 1. What must Î±
                                                   and Î² be here?
You may provide a definition with
\DeclareUnicodeCharacter 


c:/Users/josep/OneDrive/Documents/GitHub/Matlab_store/Courses/Amsc460/HW/HW11/html/hw11.tex:65: Package inputenc Error: Unicode character Î² (U+03B2)
(inputenc)                not set up for use with LaTeX.

See the inputenc package documentation for explanation.
Type  H <return>  for immediate help.
 ...                                              
                                                  
l.65 ...tead âˆ’1 â‰¤ z â‰¤ 1. What must Î± and Î²
                                                   be here?
You may provide a definition with
\DeclareUnicodeCharacter 


c:/Users/josep/OneDrive/Documents/GitHub/Matlab_store/Courses/Amsc460/HW/HW11/html/hw11.tex:73: Package inputenc Error: Unicode character Î± (U+03B1)
(inputenc)                not set up for use with LaTeX.

See the inputenc package documentation for explanation.
Type  H <return>  for immediate help.
 ...                                              
                                                  
l.73 ...  =>      Î² = (xn - x0) / 2\end{verbatim}
                                                  
You may provide a definition with
\DeclareUnicodeCharacter 


c:/Users/josep/OneDrive/Documents/GitHub/Matlab_store/Courses/Amsc460/HW/HW11/html/hw11.tex:73: Package inputenc Error: Unicode character Î² (U+03B2)
(inputenc)                not set up for use with LaTeX.

See the inputenc package documentation for explanation.
Type  H <return>  for immediate help.
 ...                                              
                                                  
l.73 ...  =>      Î² = (xn - x0) / 2\end{verbatim}
                                                  
You may provide a definition with
\DeclareUnicodeCharacter 


c:/Users/josep/OneDrive/Documents/GitHub/Matlab_store/Courses/Amsc460/HW/HW11/html/hw11.tex:73: Package inputenc Error: Unicode character Î² (U+03B2)
(inputenc)                not set up for use with LaTeX.

See the inputenc package documentation for explanation.
Type  H <return>  for immediate help.
 ...                                              
                                                  
l.73 ...  =>      Î² = (xn - x0) / 2\end{verbatim}
                                                  
You may provide a definition with
\DeclareUnicodeCharacter 


c:/Users/josep/OneDrive/Documents/GitHub/Matlab_store/Courses/Amsc460/HW/HW11/html/hw11.tex:73: Package inputenc Error: Unicode character Î± (U+03B1)
(inputenc)                not set up for use with LaTeX.

See the inputenc package documentation for explanation.
Type  H <return>  for immediate help.
 ...                                              
                                                  
l.73 ...  =>      Î² = (xn - x0) / 2\end{verbatim}
                                                  
You may provide a definition with
\DeclareUnicodeCharacter 


c:/Users/josep/OneDrive/Documents/GitHub/Matlab_store/Courses/Amsc460/HW/HW11/html/hw11.tex:73: Package inputenc Error: Unicode character Î± (U+03B1)
(inputenc)                not set up for use with LaTeX.

See the inputenc package documentation for explanation.
Type  H <return>  for immediate help.
 ...                                              
                                                  
l.73 ...  =>      Î² = (xn - x0) / 2\end{verbatim}
                                                  
You may provide a definition with
\DeclareUnicodeCharacter 


c:/Users/josep/OneDrive/Documents/GitHub/Matlab_store/Courses/Amsc460/HW/HW11/html/hw11.tex:73: Package inputenc Error: Unicode character Î² (U+03B2)
(inputenc)                not set up for use with LaTeX.

See the inputenc package documentation for explanation.
Type  H <return>  for immediate help.
 ...                                              
                                                  
l.73 ...  =>      Î² = (xn - x0) / 2\end{verbatim}
                                                  
You may provide a definition with
\DeclareUnicodeCharacter 


c:/Users/josep/OneDrive/Documents/GitHub/Matlab_store/Courses/Amsc460/HW/HW11/html/hw11.tex:73: Package inputenc Error: Unicode character Î² (U+03B2)
(inputenc)                not set up for use with LaTeX.

See the inputenc package documentation for explanation.
Type  H <return>  for immediate help.
 ...                                              
                                                  
l.73 ...  =>      Î² = (xn - x0) / 2\end{verbatim}
                                                  
You may provide a definition with
\DeclareUnicodeCharacter 


c:/Users/josep/OneDrive/Documents/GitHub/Matlab_store/Courses/Amsc460/HW/HW11/html/hw11.tex:73: Package inputenc Error: Unicode character Î± (U+03B1)
(inputenc)                not set up for use with LaTeX.

See the inputenc package documentation for explanation.
Type  H <return>  for immediate help.
 ...                                              
                                                  
l.73 ...  =>      Î² = (xn - x0) / 2\end{verbatim}
                                                  
You may provide a definition with
\DeclareUnicodeCharacter 

[1

{C:/Users/josep/AppData/Local/MiKTeX/pdftex/config/pdftex.map}]

c:/Users/josep/OneDrive/Documents/GitHub/Matlab_store/Courses/Amsc460/HW/HW11/html/hw11.tex:73: Package inputenc Error: Unicode character Î² (U+03B2)
(inputenc)                not set up for use with LaTeX.

See the inputenc package documentation for explanation.
Type  H <return>  for immediate help.
 ...                                              
                                                  
l.73 ...  =>      Î² = (xn - x0) / 2\end{verbatim}
                                                  
You may provide a definition with
\DeclareUnicodeCharacter 


c:/Users/josep/OneDrive/Documents/GitHub/Matlab_store/Courses/Amsc460/HW/HW11/html/hw11.tex:73: Package inputenc Error: Unicode character Î± (U+03B1)
(inputenc)                not set up for use with LaTeX.

See the inputenc package documentation for explanation.
Type  H <return>  for immediate help.
 ...                                              
                                                  
l.73 ...  =>      Î² = (xn - x0) / 2\end{verbatim}
                                                  
You may provide a definition with
\DeclareUnicodeCharacter 


c:/Users/josep/OneDrive/Documents/GitHub/Matlab_store/Courses/Amsc460/HW/HW11/html/hw11.tex:73: Package inputenc Error: Unicode character Î² (U+03B2)
(inputenc)                not set up for use with LaTeX.

See the inputenc package documentation for explanation.
Type  H <return>  for immediate help.
 ...                                              
                                                  
l.73 ...  =>      Î² = (xn - x0) / 2\end{verbatim}
                                                  
You may provide a definition with
\DeclareUnicodeCharacter 


c:/Users/josep/OneDrive/Documents/GitHub/Matlab_store/Courses/Amsc460/HW/HW11/html/hw11.tex:73: Package inputenc Error: Unicode character Î± (U+03B1)
(inputenc)                not set up for use with LaTeX.

See the inputenc package documentation for explanation.
Type  H <return>  for immediate help.
 ...                                              
                                                  
l.73 ...  =>      Î² = (xn - x0) / 2\end{verbatim}
                                                  
You may provide a definition with
\DeclareUnicodeCharacter 


c:/Users/josep/OneDrive/Documents/GitHub/Matlab_store/Courses/Amsc460/HW/HW11/html/hw11.tex:73: Package inputenc Error: Unicode character Î± (U+03B1)
(inputenc)                not set up for use with LaTeX.

See the inputenc package documentation for explanation.
Type  H <return>  for immediate help.
 ...                                              
                                                  
l.73 ...  =>      Î² = (xn - x0) / 2\end{verbatim}
                                                  
You may provide a definition with
\DeclareUnicodeCharacter 


c:/Users/josep/OneDrive/Documents/GitHub/Matlab_store/Courses/Amsc460/HW/HW11/html/hw11.tex:73: Package inputenc Error: Unicode character Î± (U+03B1)
(inputenc)                not set up for use with LaTeX.

See the inputenc package documentation for explanation.
Type  H <return>  for immediate help.
 ...                                              
                                                  
l.73 ...  =>      Î² = (xn - x0) / 2\end{verbatim}
                                                  
You may provide a definition with
\DeclareUnicodeCharacter 


c:/Users/josep/OneDrive/Documents/GitHub/Matlab_store/Courses/Amsc460/HW/HW11/html/hw11.tex:73: Package inputenc Error: Unicode character Î² (U+03B2)
(inputenc)                not set up for use with LaTeX.

See the inputenc package documentation for explanation.
Type  H <return>  for immediate help.
 ...                                              
                                                  
l.73 ...  =>      Î² = (xn - x0) / 2\end{verbatim}
                                                  
You may provide a definition with
\DeclareUnicodeCharacter 


c:/Users/josep/OneDrive/Documents/GitHub/Matlab_store/Courses/Amsc460/HW/HW11/html/hw11.tex:73: Package inputenc Error: Unicode character Î± (U+03B1)
(inputenc)                not set up for use with LaTeX.

See the inputenc package documentation for explanation.
Type  H <return>  for immediate help.
 ...                                              
                                                  
l.73 ...  =>      Î² = (xn - x0) / 2\end{verbatim}
                                                  
You may provide a definition with
\DeclareUnicodeCharacter 


c:/Users/josep/OneDrive/Documents/GitHub/Matlab_store/Courses/Amsc460/HW/HW11/html/hw11.tex:73: Package inputenc Error: Unicode character Î² (U+03B2)
(inputenc)                not set up for use with LaTeX.

See the inputenc package documentation for explanation.
Type  H <return>  for immediate help.
 ...                                              
                                                  
l.73 ...  =>      Î² = (xn - x0) / 2\end{verbatim}
                                                  
You may provide a definition with
\DeclareUnicodeCharacter 


c:/Users/josep/OneDrive/Documents/GitHub/Matlab_store/Courses/Amsc460/HW/HW11/html/hw11.tex:73: Package inputenc Error: Unicode character Î± (U+03B1)
(inputenc)                not set up for use with LaTeX.

See the inputenc package documentation for explanation.
Type  H <return>  for immediate help.
 ...                                              
                                                  
l.73 ...  =>      Î² = (xn - x0) / 2\end{verbatim}
                                                  
You may provide a definition with
\DeclareUnicodeCharacter 


c:/Users/josep/OneDrive/Documents/GitHub/Matlab_store/Courses/Amsc460/HW/HW11/html/hw11.tex:73: Package inputenc Error: Unicode character Î² (U+03B2)
(inputenc)                not set up for use with LaTeX.

See the inputenc package documentation for explanation.
Type  H <return>  for immediate help.
 ...                                              
                                                  
l.73 ...  =>      Î² = (xn - x0) / 2\end{verbatim}
                                                  
You may provide a definition with
\DeclareUnicodeCharacter 


c:/Users/josep/OneDrive/Documents/GitHub/Matlab_store/Courses/Amsc460/HW/HW11/html/hw11.tex:73: Package inputenc Error: Unicode character Î² (U+03B2)
(inputenc)                not set up for use with LaTeX.

See the inputenc package documentation for explanation.
Type  H <return>  for immediate help.
 ...                                              
                                                  
l.73 ...  =>      Î² = (xn - x0) / 2\end{verbatim}
                                                  
You may provide a definition with
\DeclareUnicodeCharacter 


Overfull \hbox (116.99597pt too wide) in paragraph at lines 81--81
[]\OT1/cmtt/m/n/10 y = [76.21; 92.23; 106; 123.2; 151.3; 179.3; 203.3; 226.5; 248.8; 281.4; 308.7]*1000000;[] 
 []


Overfull \hbox (22.4968pt too wide) in paragraph at lines 109--109
[]    \OT1/cmtt/m/n/10 0.6131    0.0003    0.0000    0.0000    0.0000    0.0000    0.0000[] 
 []


Overfull \hbox (22.4968pt too wide) in paragraph at lines 109--109
[]    \OT1/cmtt/m/n/10 0.6462    0.0003    0.0000    0.0000    0.0000    0.0000    0.0000[] 
 []


Overfull \hbox (22.4968pt too wide) in paragraph at lines 109--109
[]    \OT1/cmtt/m/n/10 0.6808    0.0004    0.0000    0.0000    0.0000    0.0000    0.0000[] 
 []


Overfull \hbox (22.4968pt too wide) in paragraph at lines 109--109
[]    \OT1/cmtt/m/n/10 0.7171    0.0004    0.0000    0.0000    0.0000    0.0000    0.0000[] 
 []


Overfull \hbox (22.4968pt too wide) in paragraph at lines 109--109
[]    \OT1/cmtt/m/n/10 0.7551    0.0004    0.0000    0.0000    0.0000    0.0000    0.0000[] 
 []


Overfull \hbox (22.4968pt too wide) in paragraph at lines 109--109
[]    \OT1/cmtt/m/n/10 0.7950    0.0004    0.0000    0.0000    0.0000    0.0000    0.0000[] 
 []


Overfull \hbox (22.4968pt too wide) in paragraph at lines 109--109
[]    \OT1/cmtt/m/n/10 0.8367    0.0004    0.0000    0.0000    0.0000    0.0000    0.0000[] 
 []


Overfull \hbox (22.4968pt too wide) in paragraph at lines 109--109
[]    \OT1/cmtt/m/n/10 0.8804    0.0004    0.0000    0.0000    0.0000    0.0000    0.0000[] 
 []


Overfull \hbox (22.4968pt too wide) in paragraph at lines 109--109
[]    \OT1/cmtt/m/n/10 0.9261    0.0005    0.0000    0.0000    0.0000    0.0000    0.0000[] 
 []


Overfull \hbox (22.4968pt too wide) in paragraph at lines 109--109
[]    \OT1/cmtt/m/n/10 0.9739    0.0005    0.0000    0.0000    0.0000    0.0000    0.0000[] 
 []


Overfull \hbox (22.4968pt too wide) in paragraph at lines 109--109
[]    \OT1/cmtt/m/n/10 1.0240    0.0005    0.0000    0.0000    0.0000    0.0000    0.0000[] 
 []

[2]
Overfull \hbox (74.99634pt too wide) in paragraph at lines 127--127
[]\OT1/cmtt/m/n/10 Warning: Matrix is close to singular or badly scaled. Results may be inaccurate. 
 []

Package epstopdf Info: Source file: <hw11_01.eps>
(epstopdf)                    date: 2021-06-21 19:53:55
(epstopdf)                    size: 21641 bytes
(epstopdf)             Output file: <hw11_01-eps-converted-to.pdf>
(epstopdf)                    date: 2021-06-21 19:54:55
(epstopdf)                    size: 8689 bytes
(epstopdf)             Command: <epstopdf --outfile=hw11_01-eps-converted-to.pdf hw11_01.eps>
(epstopdf)             \includegraphics on input line 129.
Package epstopdf Info: Output file is already uptodate.


pdfTeX warning: pdflatex (file c:/Users/josep/OneDrive/Documents/GitHub/Matlab_store/Courses/Amsc460/HW/HW11/html/hw11_01-eps-converted-to.pdf): PDF inclusion: found PDF version <1.7>, but at most version <1.5> allowed
<hw11_01-eps-converted-to.pdf, id=13, 355.3275pt x 287.0725pt>
File: hw11_01-eps-converted-to.pdf Graphic file (type pdf)
<use hw11_01-eps-converted-to.pdf>
Package pdftex.def Info: hw11_01-eps-converted-to.pdf  used on input line 129.
(pdftex.def)             Requested size: 289.07999pt x 233.55682pt.

c:/Users/josep/OneDrive/Documents/GitHub/Matlab_store/Courses/Amsc460/HW/HW11/html/hw11.tex:131: Package inputenc Error: Unicode character âˆ’ (U+2212)
(inputenc)                not set up for use with LaTeX.

See the inputenc package documentation for explanation.
Type  H <return>  for immediate help.
 ...                                              
                                                  
l.131 ...ata from part (c), scale the data to [âˆ’
                                                  1, 1] and find the coeffic...
You may provide a definition with
\DeclareUnicodeCharacter 


c:/Users/josep/OneDrive/Documents/GitHub/Matlab_store/Courses/Amsc460/HW/HW11/html/hw11.tex:131: Package inputenc Error: Unicode character âˆ’ (U+2212)
(inputenc)                not set up for use with LaTeX.

See the inputenc package documentation for explanation.
Type  H <return>  for immediate help.
 ...                                              
                                                  
l.131 ...aled) polynomial is pn(x) = a0 + a1(x âˆ’
                                                   Î±/Î²) + Â· Â· Â·an(x âˆ’...
You may provide a definition with
\DeclareUnicodeCharacter 


c:/Users/josep/OneDrive/Documents/GitHub/Matlab_store/Courses/Amsc460/HW/HW11/html/hw11.tex:131: Package inputenc Error: Unicode character Î± (U+03B1)
(inputenc)                not set up for use with LaTeX.

See the inputenc package documentation for explanation.
Type  H <return>  for immediate help.
 ...                                              
                                                  
l.131 ...d) polynomial is pn(x) = a0 + a1(x âˆ’ Î±
                                                  /Î²) + Â· Â· Â·an(x âˆ’ Î±...
You may provide a definition with
\DeclareUnicodeCharacter 


c:/Users/josep/OneDrive/Documents/GitHub/Matlab_store/Courses/Amsc460/HW/HW11/html/hw11.tex:131: Package inputenc Error: Unicode character Î² (U+03B2)
(inputenc)                not set up for use with LaTeX.

See the inputenc package documentation for explanation.
Type  H <return>  for immediate help.
 ...                                              
                                                  
l.131 ...polynomial is pn(x) = a0 + a1(x âˆ’ Î±/Î²
                                                  ) + Â· Â· Â·an(x âˆ’ Î±/Î²...
You may provide a definition with
\DeclareUnicodeCharacter 


c:/Users/josep/OneDrive/Documents/GitHub/Matlab_store/Courses/Amsc460/HW/HW11/html/hw11.tex:131: Package inputenc Error: Unicode character âˆ’ (U+2212)
(inputenc)                not set up for use with LaTeX.

See the inputenc package documentation for explanation.
Type  H <return>  for immediate help.
 ...                                              
                                                  
l.131 ...= a0 + a1(x âˆ’ Î±/Î²) + Â· Â· Â·an(x âˆ’
                                                   Î±/Î²)\^{}n.
You may provide a definition with
\DeclareUnicodeCharacter 


c:/Users/josep/OneDrive/Documents/GitHub/Matlab_store/Courses/Amsc460/HW/HW11/html/hw11.tex:131: Package inputenc Error: Unicode character Î± (U+03B1)
(inputenc)                not set up for use with LaTeX.

See the inputenc package documentation for explanation.
Type  H <return>  for immediate help.
 ...                                              
                                                  
l.131 ...0 + a1(x âˆ’ Î±/Î²) + Â· Â· Â·an(x âˆ’ Î±
                                                  /Î²)\^{}n.
You may provide a definition with
\DeclareUnicodeCharacter 


c:/Users/josep/OneDrive/Documents/GitHub/Matlab_store/Courses/Amsc460/HW/HW11/html/hw11.tex:131: Package inputenc Error: Unicode character Î² (U+03B2)
(inputenc)                not set up for use with LaTeX.

See the inputenc package documentation for explanation.
Type  H <return>  for immediate help.
 ...                                              
                                                  
l.131 ... a1(x âˆ’ Î±/Î²) + Â· Â· Â·an(x âˆ’ Î±/Î²
                                                  )\^{}n.
You may provide a definition with
\DeclareUnicodeCharacter 


c:/Users/josep/OneDrive/Documents/GitHub/Matlab_store/Courses/Amsc460/HW/HW11/html/hw11.tex:141: Package inputenc Error: Unicode character Î± (U+03B1)
(inputenc)                not set up for use with LaTeX.

See the inputenc package documentation for explanation.
Type  H <return>  for immediate help.
 ...                                              
                                                  
l.141 \end{verbatim}
                    
You may provide a definition with
\DeclareUnicodeCharacter 


c:/Users/josep/OneDrive/Documents/GitHub/Matlab_store/Courses/Amsc460/HW/HW11/html/hw11.tex:141: Package inputenc Error: Unicode character Î² (U+03B2)
(inputenc)                not set up for use with LaTeX.

See the inputenc package documentation for explanation.
Type  H <return>  for immediate help.
 ...                                              
                                                  
l.141 \end{verbatim}
                    
You may provide a definition with
\DeclareUnicodeCharacter 


c:/Users/josep/OneDrive/Documents/GitHub/Matlab_store/Courses/Amsc460/HW/HW11/html/hw11.tex:141: Package inputenc Error: Unicode character âˆ’ (U+2212)
(inputenc)                not set up for use with LaTeX.

See the inputenc package documentation for explanation.
Type  H <return>  for immediate help.
 ...                                              
                                                  
l.141 \end{verbatim}
                    
You may provide a definition with
\DeclareUnicodeCharacter 


c:/Users/josep/OneDrive/Documents/GitHub/Matlab_store/Courses/Amsc460/HW/HW11/html/hw11.tex:141: Package inputenc Error: Unicode character ï¼š (U+FF1A)
(inputenc)                not set up for use with LaTeX.

See the inputenc package documentation for explanation.
Type  H <return>  for immediate help.
 ...                                              
                                                  
l.141 \end{verbatim}
                    
You may provide a definition with
\DeclareUnicodeCharacter 


c:/Users/josep/OneDrive/Documents/GitHub/Matlab_store/Courses/Amsc460/HW/HW11/html/hw11.tex:149: Package inputenc Error: Unicode character âˆ’ (U+2212)
(inputenc)                not set up for use with LaTeX.

See the inputenc package documentation for explanation.
Type  H <return>  for immediate help.
 ...                                              
                                                  
l.149 \end{verbatim}
                     \color{black}
You may provide a definition with
\DeclareUnicodeCharacter 


c:/Users/josep/OneDrive/Documents/GitHub/Matlab_store/Courses/Amsc460/HW/HW11/html/hw11.tex:149: Package inputenc Error: Unicode character ï¼š (U+FF1A)
(inputenc)                not set up for use with LaTeX.

See the inputenc package documentation for explanation.
Type  H <return>  for immediate help.
 ...                                              
                                                  
l.149 \end{verbatim}
                     \color{black}
You may provide a definition with
\DeclareUnicodeCharacter 

[3 <c:/Users/josep/OneDrive/Documents/GitHub/Matlab_store/Courses/Amsc460/HW/HW11/html/hw11_01-eps-converted-to.pdf>]
Overfull \hbox (22.4968pt too wide) in paragraph at lines 149--149
[]   \OT1/cmtt/m/n/10 -1.0000   -0.8000   -0.6000   -0.4000   -0.2000         0    0.2000[] 
 []


c:/Users/josep/OneDrive/Documents/GitHub/Matlab_store/Courses/Amsc460/HW/HW11/html/hw11.tex:153: Package inputenc Error: Unicode character ï¼š (U+FF1A)
(inputenc)                not set up for use with LaTeX.

See the inputenc package documentation for explanation.
Type  H <return>  for immediate help.
 ...                                              
                                                  
l.153 \end{verbatim}
                    
You may provide a definition with
\DeclareUnicodeCharacter 


c:/Users/josep/OneDrive/Documents/GitHub/Matlab_store/Courses/Amsc460/HW/HW11/html/hw11.tex:181: Package inputenc Error: Unicode character ï¼š (U+FF1A)
(inputenc)                not set up for use with LaTeX.

See the inputenc package documentation for explanation.
Type  H <return>  for immediate help.
 ...                                              
                                                  
l.181 \end{verbatim}
                     \color{black}
You may provide a definition with
\DeclareUnicodeCharacter 


Overfull \hbox (22.4968pt too wide) in paragraph at lines 181--181
[]    \OT1/cmtt/m/n/10 1.0000   -1.0000    1.0000   -1.0000    1.0000   -1.0000    1.0000[] 
 []


Overfull \hbox (22.4968pt too wide) in paragraph at lines 181--181
[]    \OT1/cmtt/m/n/10 0.1074   -0.1342    0.1678   -0.2097    0.2621   -0.3277    0.4096[] 
 []


Overfull \hbox (22.4968pt too wide) in paragraph at lines 181--181
[]    \OT1/cmtt/m/n/10 0.0060   -0.0101    0.0168   -0.0280    0.0467   -0.0778    0.1296[] 
 []


Overfull \hbox (22.4968pt too wide) in paragraph at lines 181--181
[]    \OT1/cmtt/m/n/10 0.0001   -0.0003    0.0007   -0.0016    0.0041   -0.0102    0.0256[] 
 []


Overfull \hbox (22.4968pt too wide) in paragraph at lines 181--181
[]    \OT1/cmtt/m/n/10 0.0000   -0.0000    0.0000   -0.0000    0.0001   -0.0003    0.0016[] 
 []


Overfull \hbox (22.4968pt too wide) in paragraph at lines 181--181
[]         \OT1/cmtt/m/n/10 0         0         0         0         0         0         0[] 
 []


Overfull \hbox (22.4968pt too wide) in paragraph at lines 181--181
[]    \OT1/cmtt/m/n/10 0.0000    0.0000    0.0000    0.0000    0.0001    0.0003    0.0016[] 
 []


Overfull \hbox (22.4968pt too wide) in paragraph at lines 181--181
[]    \OT1/cmtt/m/n/10 0.0001    0.0003    0.0007    0.0016    0.0041    0.0102    0.0256[] 
 []


Overfull \hbox (22.4968pt too wide) in paragraph at lines 181--181
[]    \OT1/cmtt/m/n/10 0.0060    0.0101    0.0168    0.0280    0.0467    0.0778    0.1296[] 
 []


Overfull \hbox (22.4968pt too wide) in paragraph at lines 181--181
[]    \OT1/cmtt/m/n/10 0.1074    0.1342    0.1678    0.2097    0.2621    0.3277    0.4096[] 
 []


Overfull \hbox (22.4968pt too wide) in paragraph at lines 181--181
[]    \OT1/cmtt/m/n/10 1.0000    1.0000    1.0000    1.0000    1.0000    1.0000    1.0000[] 
 []


c:/Users/josep/OneDrive/Documents/GitHub/Matlab_store/Courses/Amsc460/HW/HW11/html/hw11.tex:185: Package inputenc Error: Unicode character ï¼š (U+FF1A)
(inputenc)                not set up for use with LaTeX.

See the inputenc package documentation for explanation.
Type  H <return>  for immediate help.
 ...                                              
                                                  
l.185 \end{verbatim}
                    
You may provide a definition with
\DeclareUnicodeCharacter 


c:/Users/josep/OneDrive/Documents/GitHub/Matlab_store/Courses/Amsc460/HW/HW11/html/hw11.tex:190: Package inputenc Error: Unicode character ï¼š (U+FF1A)
(inputenc)                not set up for use with LaTeX.

See the inputenc package documentation for explanation.
Type  H <return>  for immediate help.
 ...                                              
                                                  
l.190 \end{verbatim}
                     \color{black}
You may provide a definition with
\DeclareUnicodeCharacter 


c:/Users/josep/OneDrive/Documents/GitHub/Matlab_store/Courses/Amsc460/HW/HW11/html/hw11.tex:194: Package inputenc Error: Unicode character ï¼š (U+FF1A)
(inputenc)                not set up for use with LaTeX.

See the inputenc package documentation for explanation.
Type  H <return>  for immediate help.
 ...                                              
                                                  
l.194 \end{verbatim}
                    
You may provide a definition with
\DeclareUnicodeCharacter 


c:/Users/josep/OneDrive/Documents/GitHub/Matlab_store/Courses/Amsc460/HW/HW11/html/hw11.tex:210: Package inputenc Error: Unicode character ï¼š (U+FF1A)
(inputenc)                not set up for use with LaTeX.

See the inputenc package documentation for explanation.
Type  H <return>  for immediate help.
 ...                                              
                                                  
l.210 \end{verbatim}
                     \color{black}
You may provide a definition with
\DeclareUnicodeCharacter 

[4]
Package epstopdf Info: Source file: <hw11_02.eps>
(epstopdf)                    date: 2021-06-21 19:53:56
(epstopdf)                    size: 21622 bytes
(epstopdf)             Output file: <hw11_02-eps-converted-to.pdf>
(epstopdf)                    date: 2021-06-21 19:54:56
(epstopdf)                    size: 8502 bytes
(epstopdf)             Command: <epstopdf --outfile=hw11_02-eps-converted-to.pdf hw11_02.eps>
(epstopdf)             \includegraphics on input line 218.
Package epstopdf Info: Output file is already uptodate.


pdfTeX warning: pdflatex (file c:/Users/josep/OneDrive/Documents/GitHub/Matlab_store/Courses/Amsc460/HW/HW11/html/hw11_02-eps-converted-to.pdf): PDF inclusion: found PDF version <1.7>, but at most version <1.5> allowed
<hw11_02-eps-converted-to.pdf, id=25, 349.305pt x 287.0725pt>
File: hw11_02-eps-converted-to.pdf Graphic file (type pdf)
<use hw11_02-eps-converted-to.pdf>
Package pdftex.def Info: hw11_02-eps-converted-to.pdf  used on input line 218.
(pdftex.def)             Requested size: 289.07999pt x 237.59116pt.

Overfull \hbox (95.99615pt too wide) in paragraph at lines 221--221
[]  \OT1/cmtt/m/n/10 Also the condition number in 4(d) is way smaller than the condition number in 4(c)[] 
 []

[5 <c:/Users/josep/OneDrive/Documents/GitHub/Matlab_store/Courses/Amsc460/HW/HW11/html/hw11_02-eps-converted-to.pdf>] (c:/Users\josep\OneDrive\Documents\GitHub\Matlab_store\Courses\Amsc460\HW\HW11\html\hw11.aux) ) 
Here is how much of TeX's memory you used:
 1242 strings out of 479696
 19971 string characters out of 2867136
 299892 words of memory out of 3000000
 18375 multiletter control sequences out of 15000+200000
 404538 words of font info for 31 fonts, out of 3000000 for 9000
 1141 hyphenation exceptions out of 8191
 66i,5n,72p,670b,265s stack positions out of 5000i,500n,10000p,200000b,50000s
 <C:\Users\josep\AppData\Local\MiKTeX\fonts/pk/ljfour/jknappen/ec/dpi600\tcrm1000.pk><C:/Users/josep/AppData/Local/Programs/MiKTeX/fonts/type1/public/amsfonts/cm/cmbx12.pfb><C:/Users/josep/AppData/Local/Programs/MiKTeX/fonts/type1/public/amsfonts/cm/cmmi10.pfb><C:/Users/josep/AppData/Local/Programs/MiKTeX/fonts/type1/public/amsfonts/cm/cmr10.pfb><C:/Users/josep/AppData/Local/Programs/MiKTeX/fonts/type1/public/amsfonts/cm/cmtt10.pfb>
Output written on c:/Users\josep\OneDrive\Documents\GitHub\Matlab_store\Courses\Amsc460\HW\HW11\html\hw11.pdf (5 pages, 86703 bytes).
PDF statistics:
 52 PDF objects out of 1000 (max. 8388607)
 0 named destinations out of 1000 (max. 500000)
 11 words of extra memory for PDF output out of 10000 (max. 10000000)

